mode: set
stocksub/pkg/limiter/error_classifier.go:31.44,33.2 1 1
stocksub/pkg/limiter/error_classifier.go:36.58,37.16 1 1
stocksub/pkg/limiter/error_classifier.go:37.16,39.3 1 1
stocksub/pkg/limiter/error_classifier.go:41.2,44.9 2 1
stocksub/pkg/limiter/error_classifier.go:45.51,46.20 1 1
stocksub/pkg/limiter/error_classifier.go:47.128,48.20 1 1
stocksub/pkg/limiter/error_classifier.go:51.38,52.20 1 1
stocksub/pkg/limiter/error_classifier.go:54.33,55.20 1 1
stocksub/pkg/limiter/error_classifier.go:59.2,59.9 1 1
stocksub/pkg/limiter/error_classifier.go:60.40,61.22 1 1
stocksub/pkg/limiter/error_classifier.go:62.55,63.22 1 1
stocksub/pkg/limiter/error_classifier.go:64.50,65.22 1 1
stocksub/pkg/limiter/error_classifier.go:66.86,67.22 1 1
stocksub/pkg/limiter/error_classifier.go:68.42,69.22 1 1
stocksub/pkg/limiter/error_classifier.go:73.2,73.9 1 1
stocksub/pkg/limiter/error_classifier.go:74.49,75.22 1 1
stocksub/pkg/limiter/error_classifier.go:76.44,77.22 1 1
stocksub/pkg/limiter/error_classifier.go:78.74,79.22 1 1
stocksub/pkg/limiter/error_classifier.go:83.2,83.21 1 1
stocksub/pkg/limiter/error_classifier.go:87.122,88.15 1 1
stocksub/pkg/limiter/error_classifier.go:89.18,91.18 1 1
stocksub/pkg/limiter/error_classifier.go:93.20,94.28 1 1
stocksub/pkg/limiter/error_classifier.go:94.28,96.4 1 1
stocksub/pkg/limiter/error_classifier.go:99.3,99.18 1 1
stocksub/pkg/limiter/error_classifier.go:100.10,101.27 1 1
stocksub/pkg/limiter/error_classifier.go:102.10,103.27 1 1
stocksub/pkg/limiter/error_classifier.go:104.10,105.27 1 1
stocksub/pkg/limiter/error_classifier.go:106.11,107.27 1 0
stocksub/pkg/limiter/error_classifier.go:110.34,112.18 1 1
stocksub/pkg/limiter/error_classifier.go:114.10,115.18 1 0
stocksub/pkg/limiter/error_classifier.go:120.100,124.2 2 1
stocksub/pkg/limiter/error_classifier.go:127.105,128.15 1 1
stocksub/pkg/limiter/error_classifier.go:129.18,130.45 1 1
stocksub/pkg/limiter/error_classifier.go:131.20,132.28 1 1
stocksub/pkg/limiter/error_classifier.go:132.28,134.4 1 1
stocksub/pkg/limiter/error_classifier.go:135.3,135.42 1 1
stocksub/pkg/limiter/error_classifier.go:136.20,137.39 1 1
stocksub/pkg/limiter/error_classifier.go:138.20,139.39 1 1
stocksub/pkg/limiter/error_classifier.go:140.10,141.30 1 0
stocksub/pkg/limiter/intelligent_limiter.go:34.79,43.2 1 0
stocksub/pkg/limiter/intelligent_limiter.go:46.64,60.35 11 0
stocksub/pkg/limiter/intelligent_limiter.go:60.35,63.3 2 0
stocksub/pkg/limiter/intelligent_limiter.go:67.79,71.22 3 0
stocksub/pkg/limiter/intelligent_limiter.go:71.22,73.3 1 0
stocksub/pkg/limiter/intelligent_limiter.go:76.2,76.21 1 0
stocksub/pkg/limiter/intelligent_limiter.go:76.21,78.3 1 0
stocksub/pkg/limiter/intelligent_limiter.go:81.2,81.35 1 0
stocksub/pkg/limiter/intelligent_limiter.go:81.35,83.3 1 0
stocksub/pkg/limiter/intelligent_limiter.go:86.2,86.54 1 0
stocksub/pkg/limiter/intelligent_limiter.go:86.54,88.3 1 0
stocksub/pkg/limiter/intelligent_limiter.go:90.2,90.18 1 0
stocksub/pkg/limiter/intelligent_limiter.go:97.20,106.16 5 0
stocksub/pkg/limiter/intelligent_limiter.go:106.16,111.20 3 0
stocksub/pkg/limiter/intelligent_limiter.go:111.20,115.40 2 0
stocksub/pkg/limiter/intelligent_limiter.go:115.40,116.38 1 0
stocksub/pkg/limiter/intelligent_limiter.go:116.38,118.32 2 0
stocksub/pkg/limiter/intelligent_limiter.go:118.32,121.7 1 0
stocksub/pkg/limiter/intelligent_limiter.go:122.11,124.6 1 0
stocksub/pkg/limiter/intelligent_limiter.go:125.10,127.38 1 0
stocksub/pkg/limiter/intelligent_limiter.go:127.38,129.6 1 0
stocksub/pkg/limiter/intelligent_limiter.go:129.11,131.6 1 0
stocksub/pkg/limiter/intelligent_limiter.go:134.4,134.32 1 0
stocksub/pkg/limiter/intelligent_limiter.go:137.3,137.22 1 0
stocksub/pkg/limiter/intelligent_limiter.go:141.2,147.15 4 0
stocksub/pkg/limiter/intelligent_limiter.go:148.18,150.62 2 0
stocksub/pkg/limiter/intelligent_limiter.go:152.20,155.19 2 0
stocksub/pkg/limiter/intelligent_limiter.go:155.19,157.4 1 0
stocksub/pkg/limiter/intelligent_limiter.go:160.3,161.70 2 0
stocksub/pkg/limiter/intelligent_limiter.go:161.70,163.4 1 0
stocksub/pkg/limiter/intelligent_limiter.go:165.3,166.34 2 0
stocksub/pkg/limiter/intelligent_limiter.go:168.34,170.68 1 0
stocksub/pkg/limiter/intelligent_limiter.go:172.10,173.68 1 0
stocksub/pkg/limiter/intelligent_limiter.go:178.76,180.20 1 0
stocksub/pkg/limiter/intelligent_limiter.go:180.20,182.3 1 0
stocksub/pkg/limiter/intelligent_limiter.go:186.2,187.28 2 0
stocksub/pkg/limiter/intelligent_limiter.go:187.28,188.20 1 0
stocksub/pkg/limiter/intelligent_limiter.go:188.20,190.4 1 0
stocksub/pkg/limiter/intelligent_limiter.go:190.9,192.4 1 0
stocksub/pkg/limiter/intelligent_limiter.go:195.2,195.27 1 0
stocksub/pkg/limiter/intelligent_limiter.go:195.27,197.3 1 0
stocksub/pkg/limiter/intelligent_limiter.go:198.2,198.20 1 0
stocksub/pkg/limiter/intelligent_limiter.go:202.65,220.2 3 0
stocksub/pkg/limiter/intelligent_limiter.go:223.54,227.22 3 0
stocksub/pkg/limiter/intelligent_limiter.go:227.22,229.3 1 0
stocksub/pkg/limiter/intelligent_limiter.go:231.2,231.57 1 0
stocksub/pkg/limiter/intelligent_limiter.go:235.38,246.2 9 0
stocksub/pkg/config/config.go:50.24,76.2 1 1
stocksub/pkg/config/config.go:79.35,80.27 1 1
stocksub/pkg/config/config.go:80.27,82.3 1 1
stocksub/pkg/config/config.go:84.2,84.29 1 1
stocksub/pkg/config/config.go:84.29,86.3 1 1
stocksub/pkg/config/config.go:88.2,88.31 1 1
stocksub/pkg/config/config.go:88.31,90.3 1 1
stocksub/pkg/config/config.go:92.2,92.30 1 1
stocksub/pkg/config/config.go:92.30,94.3 1 1
stocksub/pkg/config/config.go:96.2,96.40 1 1
stocksub/pkg/config/config.go:96.40,98.3 1 1
stocksub/pkg/config/config.go:100.2,100.35 1 1
stocksub/pkg/config/config.go:100.35,102.3 1 1
stocksub/pkg/config/config.go:104.2,104.58 1 1
stocksub/pkg/config/config.go:104.58,106.3 1 1
stocksub/pkg/config/config.go:108.2,108.42 1 1
stocksub/pkg/config/config.go:108.42,110.3 1 1
stocksub/pkg/config/config.go:112.2,112.12 1 1
stocksub/pkg/config/config.go:116.68,119.2 2 1
stocksub/pkg/config/config.go:122.60,125.2 2 1
stocksub/pkg/config/config.go:128.69,131.2 2 1
stocksub/pkg/config/config.go:134.55,137.2 2 1
stocksub/pkg/config/config.go:140.52,143.2 2 1
stocksub/pkg/testkit/core/errors.go:82.39,83.20 1 0
stocksub/pkg/testkit/core/errors.go:83.20,85.3 1 0
stocksub/pkg/testkit/core/errors.go:86.2,86.49 1 0
stocksub/pkg/testkit/core/errors.go:90.39,92.2 1 0
stocksub/pkg/testkit/core/errors.go:95.46,97.31 2 0
stocksub/pkg/testkit/core/errors.go:97.31,99.3 1 0
stocksub/pkg/testkit/core/errors.go:100.2,100.14 1 0
stocksub/pkg/testkit/core/errors.go:104.81,105.22 1 0
stocksub/pkg/testkit/core/errors.go:105.22,107.3 1 0
stocksub/pkg/testkit/core/errors.go:108.2,109.10 2 0
stocksub/pkg/testkit/core/errors.go:113.64,116.2 2 0
stocksub/pkg/testkit/core/errors.go:119.68,126.2 1 0
stocksub/pkg/testkit/core/errors.go:129.75,137.2 1 0
stocksub/pkg/testkit/core/errors.go:181.34,183.28 2 0
stocksub/pkg/testkit/core/errors.go:183.28,184.58 1 0
stocksub/pkg/testkit/core/errors.go:184.58,185.26 1 0
stocksub/pkg/testkit/core/errors.go:185.26,187.5 1 0
stocksub/pkg/testkit/core/errors.go:190.2,190.14 1 0
stocksub/pkg/testkit/core/errors.go:194.73,195.18 1 0
stocksub/pkg/testkit/core/errors.go:195.18,197.3 1 0
stocksub/pkg/testkit/core/errors.go:199.2,200.31 2 0
stocksub/pkg/testkit/core/errors.go:200.31,202.3 1 0
stocksub/pkg/testkit/core/errors.go:204.2,204.38 1 0
stocksub/pkg/testkit/core/errors.go:204.38,206.3 1 0
stocksub/pkg/testkit/core/errors.go:208.2,208.29 1 0
stocksub/pkg/logger/logger.go:22.26,27.16 3 0
stocksub/pkg/logger/logger.go:27.16,29.3 1 0
stocksub/pkg/logger/logger.go:30.2,33.29 2 0
stocksub/pkg/logger/logger.go:33.29,37.3 1 0
stocksub/pkg/logger/logger.go:37.8,43.3 1 0
stocksub/pkg/logger/logger.go:45.2,45.29 1 0
stocksub/pkg/logger/logger.go:49.20,51.17 2 0
stocksub/pkg/logger/logger.go:51.17,52.32 1 0
stocksub/pkg/logger/logger.go:52.32,54.4 1 0
stocksub/pkg/logger/logger.go:54.9,56.4 1 0
stocksub/pkg/logger/logger.go:59.2,60.18 2 0
stocksub/pkg/logger/logger.go:60.18,62.3 1 0
stocksub/pkg/logger/logger.go:64.2,67.4 1 0
stocksub/pkg/logger/logger.go:71.33,72.19 1 0
stocksub/pkg/logger/logger.go:72.19,74.3 1 0
stocksub/pkg/logger/logger.go:75.2,75.15 1 0
stocksub/pkg/logger/logger.go:79.52,81.2 1 0
stocksub/pkg/logger/logger.go:84.33,86.2 1 0
stocksub/pkg/logger/logger.go:89.49,91.2 1 0
stocksub/pkg/logger/logger.go:94.32,96.2 1 0
stocksub/pkg/logger/logger.go:99.48,101.2 1 0
stocksub/pkg/logger/logger.go:104.32,106.2 1 0
stocksub/pkg/logger/logger.go:109.48,111.2 1 0
stocksub/pkg/logger/logger.go:114.33,116.2 1 0
stocksub/pkg/logger/logger.go:119.49,121.2 1 0
stocksub/pkg/logger/logger.go:124.29,126.16 2 0
stocksub/pkg/logger/logger.go:126.16,128.3 1 0
stocksub/pkg/logger/logger.go:129.2,129.25 1 0
stocksub/pkg/testkit/helpers/resource_manager.go:43.65,49.26 2 0
stocksub/pkg/testkit/helpers/resource_manager.go:49.26,51.3 1 0
stocksub/pkg/testkit/helpers/resource_manager.go:53.2,53.11 1 0
stocksub/pkg/testkit/helpers/resource_manager.go:57.40,60.27 1 0
stocksub/pkg/testkit/helpers/resource_manager.go:60.27,63.4 2 0
stocksub/pkg/testkit/helpers/resource_manager.go:67.2,68.27 1 0
stocksub/pkg/testkit/helpers/resource_manager.go:68.27,70.4 1 0
stocksub/pkg/testkit/helpers/resource_manager.go:74.2,75.27 1 0
stocksub/pkg/testkit/helpers/resource_manager.go:75.27,77.4 1 0
stocksub/pkg/testkit/helpers/resource_manager.go:82.59,85.57 2 0
stocksub/pkg/testkit/helpers/resource_manager.go:85.57,88.3 2 0
stocksub/pkg/testkit/helpers/resource_manager.go:90.2,91.15 2 0
stocksub/pkg/testkit/helpers/resource_manager.go:95.65,98.28 2 0
stocksub/pkg/testkit/helpers/resource_manager.go:99.19,100.58 1 0
stocksub/pkg/testkit/helpers/resource_manager.go:100.58,103.4 2 0
stocksub/pkg/testkit/helpers/resource_manager.go:105.3,106.26 2 0
stocksub/pkg/testkit/helpers/resource_manager.go:111.56,113.2 1 0
stocksub/pkg/testkit/helpers/resource_manager.go:116.64,119.54 2 0
stocksub/pkg/testkit/helpers/resource_manager.go:119.54,121.3 1 0
stocksub/pkg/testkit/helpers/resource_manager.go:123.2,125.15 3 0
stocksub/pkg/testkit/helpers/resource_manager.go:129.62,132.54 2 0
stocksub/pkg/testkit/helpers/resource_manager.go:132.54,133.42 1 0
stocksub/pkg/testkit/helpers/resource_manager.go:133.42,135.4 1 0
stocksub/pkg/testkit/helpers/resource_manager.go:136.3,136.9 1 0
stocksub/pkg/testkit/helpers/resource_manager.go:139.2,139.41 1 0
stocksub/pkg/testkit/helpers/resource_manager.go:139.41,142.3 2 0
stocksub/pkg/testkit/helpers/resource_manager.go:146.55,151.2 3 0
stocksub/pkg/testkit/helpers/resource_manager.go:154.38,158.37 3 0
stocksub/pkg/testkit/helpers/resource_manager.go:158.37,159.16 1 0
stocksub/pkg/testkit/helpers/resource_manager.go:159.16,161.4 1 0
stocksub/pkg/testkit/helpers/resource_manager.go:164.2,164.39 1 0
stocksub/pkg/testkit/helpers/resource_manager.go:168.53,177.2 1 0
stocksub/pkg/testkit/helpers/resource_manager.go:190.42,193.2 2 0
stocksub/pkg/testkit/helpers/resource_manager.go:206.85,213.56 4 0
stocksub/pkg/testkit/helpers/resource_manager.go:213.56,226.34 4 0
stocksub/pkg/testkit/helpers/resource_manager.go:226.34,228.4 1 0
stocksub/pkg/testkit/helpers/resource_manager.go:230.3,230.17 1 0
stocksub/pkg/testkit/helpers/resource_manager.go:234.2,244.33 3 0
stocksub/pkg/testkit/helpers/resource_manager.go:244.33,246.3 1 0
stocksub/pkg/testkit/helpers/resource_manager.go:248.2,248.16 1 0
stocksub/pkg/testkit/helpers/resource_manager.go:252.58,256.15 3 0
stocksub/pkg/testkit/helpers/resource_manager.go:256.15,258.3 1 0
stocksub/pkg/testkit/helpers/resource_manager.go:260.2,260.32 1 0
stocksub/pkg/testkit/helpers/resource_manager.go:264.64,268.15 3 0
stocksub/pkg/testkit/helpers/resource_manager.go:268.15,270.3 1 0
stocksub/pkg/testkit/helpers/resource_manager.go:272.2,272.36 1 0
stocksub/pkg/testkit/helpers/resource_manager.go:276.43,280.15 3 0
stocksub/pkg/testkit/helpers/resource_manager.go:280.15,282.3 1 0
stocksub/pkg/testkit/helpers/resource_manager.go:284.2,285.26 2 0
stocksub/pkg/testkit/helpers/resource_manager.go:289.43,293.15 3 0
stocksub/pkg/testkit/helpers/resource_manager.go:293.15,295.3 1 0
stocksub/pkg/testkit/helpers/resource_manager.go:298.2,306.20 5 0
stocksub/pkg/testkit/helpers/resource_manager.go:306.20,308.3 1 0
stocksub/pkg/testkit/helpers/resource_manager.go:310.2,311.12 2 0
stocksub/pkg/testkit/helpers/resource_manager.go:315.43,320.2 3 0
stocksub/pkg/testkit/helpers/resource_manager.go:323.45,330.2 1 0
stocksub/pkg/testkit/helpers/resource_manager.go:340.60,345.2 1 0
stocksub/pkg/testkit/helpers/resource_manager.go:348.96,353.52 3 0
stocksub/pkg/testkit/helpers/resource_manager.go:353.52,355.3 1 0
stocksub/pkg/testkit/helpers/resource_manager.go:358.2,359.16 2 0
stocksub/pkg/testkit/helpers/resource_manager.go:359.16,361.3 1 0
stocksub/pkg/testkit/helpers/resource_manager.go:363.2,366.36 2 0
stocksub/pkg/testkit/helpers/resource_manager.go:366.36,368.3 1 0
stocksub/pkg/testkit/helpers/resource_manager.go:370.2,370.18 1 0
stocksub/pkg/testkit/helpers/resource_manager.go:374.51,375.52 1 0
stocksub/pkg/testkit/helpers/resource_manager.go:375.52,378.3 2 0
stocksub/pkg/testkit/helpers/resource_manager.go:382.41,387.43 4 0
stocksub/pkg/testkit/helpers/resource_manager.go:387.43,388.38 1 0
stocksub/pkg/testkit/helpers/resource_manager.go:388.38,390.4 1 0
stocksub/pkg/testkit/helpers/resource_manager.go:391.3,391.33 1 0
stocksub/pkg/testkit/helpers/resource_manager.go:394.2,394.16 1 0
stocksub/pkg/logger/logger.go:22.26,27.16 3 0
stocksub/pkg/logger/logger.go:27.16,29.3 1 0
stocksub/pkg/logger/logger.go:30.2,33.29 2 0
stocksub/pkg/logger/logger.go:33.29,37.3 1 0
stocksub/pkg/logger/logger.go:37.8,43.3 1 0
stocksub/pkg/logger/logger.go:45.2,45.29 1 0
stocksub/pkg/logger/logger.go:49.20,51.17 2 0
stocksub/pkg/logger/logger.go:51.17,52.32 1 0
stocksub/pkg/logger/logger.go:52.32,54.4 1 0
stocksub/pkg/logger/logger.go:54.9,56.4 1 0
stocksub/pkg/logger/logger.go:59.2,60.18 2 0
stocksub/pkg/logger/logger.go:60.18,62.3 1 0
stocksub/pkg/logger/logger.go:64.2,67.4 1 0
stocksub/pkg/logger/logger.go:71.33,72.19 1 0
stocksub/pkg/logger/logger.go:72.19,74.3 1 0
stocksub/pkg/logger/logger.go:75.2,75.15 1 0
stocksub/pkg/logger/logger.go:79.52,81.2 1 0
stocksub/pkg/logger/logger.go:84.33,86.2 1 0
stocksub/pkg/logger/logger.go:89.49,91.2 1 0
stocksub/pkg/logger/logger.go:94.32,96.2 1 0
stocksub/pkg/logger/logger.go:99.48,101.2 1 0
stocksub/pkg/logger/logger.go:104.32,106.2 1 0
stocksub/pkg/logger/logger.go:109.48,111.2 1 0
stocksub/pkg/logger/logger.go:114.33,116.2 1 0
stocksub/pkg/logger/logger.go:119.49,121.2 1 0
stocksub/pkg/logger/logger.go:124.29,126.16 2 0
stocksub/pkg/logger/logger.go:126.16,128.3 1 0
stocksub/pkg/logger/logger.go:129.2,129.25 1 0
stocksub/pkg/provider/tencent/client.go:31.30,48.2 1 0
stocksub/pkg/provider/tencent/client.go:51.34,53.2 1 0
stocksub/pkg/provider/tencent/client.go:56.101,59.2 2 0
stocksub/pkg/provider/tencent/client.go:62.116,65.23 2 0
stocksub/pkg/provider/tencent/client.go:65.23,67.3 1 0
stocksub/pkg/provider/tencent/client.go:69.2,69.15 1 0
stocksub/pkg/provider/tencent/client.go:69.15,71.3 1 0
stocksub/pkg/provider/tencent/client.go:74.2,74.45 1 0
stocksub/pkg/provider/tencent/client.go:74.45,76.3 1 0
stocksub/pkg/provider/tencent/client.go:78.2,79.15 2 0
stocksub/pkg/provider/tencent/client.go:79.15,81.3 1 0
stocksub/pkg/provider/tencent/client.go:83.2,84.36 2 0
stocksub/pkg/provider/tencent/client.go:84.36,85.12 1 0
stocksub/pkg/provider/tencent/client.go:85.12,86.17 1 0
stocksub/pkg/provider/tencent/client.go:86.17,88.5 1 0
stocksub/pkg/provider/tencent/client.go:89.4,89.11 1 0
stocksub/pkg/provider/tencent/client.go:90.22,91.30 1 0
stocksub/pkg/provider/tencent/client.go:92.54,92.54 0 0
stocksub/pkg/provider/tencent/client.go:96.3,98.17 3 0
stocksub/pkg/provider/tencent/client.go:98.17,100.17 2 0
stocksub/pkg/provider/tencent/client.go:100.17,102.5 1 0
stocksub/pkg/provider/tencent/client.go:103.4,103.12 1 0
stocksub/pkg/provider/tencent/client.go:106.3,109.17 3 0
stocksub/pkg/provider/tencent/client.go:109.17,111.17 2 0
stocksub/pkg/provider/tencent/client.go:111.17,113.5 1 0
stocksub/pkg/provider/tencent/client.go:114.4,114.12 1 0
stocksub/pkg/provider/tencent/client.go:117.3,120.17 3 0
stocksub/pkg/provider/tencent/client.go:120.17,122.17 2 0
stocksub/pkg/provider/tencent/client.go:122.17,124.5 1 0
stocksub/pkg/provider/tencent/client.go:125.4,125.12 1 0
stocksub/pkg/provider/tencent/client.go:128.3,129.16 2 0
stocksub/pkg/provider/tencent/client.go:129.16,132.4 1 0
stocksub/pkg/provider/tencent/client.go:134.3,134.39 1 0
stocksub/pkg/provider/tencent/client.go:134.39,136.17 2 0
stocksub/pkg/provider/tencent/client.go:136.17,138.5 1 0
stocksub/pkg/provider/tencent/client.go:139.4,139.12 1 0
stocksub/pkg/provider/tencent/client.go:142.3,142.21 1 0
stocksub/pkg/provider/tencent/client.go:142.21,144.17 2 0
stocksub/pkg/provider/tencent/client.go:144.17,146.5 1 0
stocksub/pkg/provider/tencent/client.go:147.4,147.12 1 0
stocksub/pkg/provider/tencent/client.go:150.3,152.16 2 0
stocksub/pkg/provider/tencent/client.go:152.16,154.4 1 0
stocksub/pkg/provider/tencent/client.go:155.3,159.16 4 0
stocksub/pkg/provider/tencent/client.go:159.16,161.4 1 0
stocksub/pkg/provider/tencent/client.go:163.3,163.30 1 0
stocksub/pkg/provider/tencent/client.go:166.2,166.82 1 0
stocksub/pkg/provider/tencent/client.go:170.58,171.18 1 0
stocksub/pkg/provider/tencent/client.go:171.18,173.3 1 0
stocksub/pkg/provider/tencent/client.go:176.2,176.58 1 0
stocksub/pkg/provider/tencent/client.go:176.58,178.3 1 0
stocksub/pkg/provider/tencent/client.go:181.2,182.37 1 0
stocksub/pkg/provider/tencent/client.go:182.37,184.3 1 0
stocksub/pkg/provider/tencent/client.go:187.2,189.72 1 0
stocksub/pkg/provider/tencent/client.go:189.72,191.3 1 0
stocksub/pkg/provider/tencent/client.go:193.2,193.14 1 0
stocksub/pkg/provider/tencent/client.go:197.49,199.2 1 0
stocksub/pkg/provider/tencent/client.go:202.54,204.2 1 0
stocksub/pkg/provider/tencent/client.go:207.47,209.2 1 0
stocksub/pkg/provider/tencent/client.go:212.54,214.2 1 0
stocksub/pkg/provider/tencent/client.go:217.45,222.54 4 0
stocksub/pkg/provider/tencent/client.go:222.54,225.3 2 0
stocksub/pkg/provider/tencent/client.go:226.2,228.12 2 0
stocksub/pkg/provider/tencent/client.go:232.54,234.33 2 0
stocksub/pkg/provider/tencent/client.go:234.33,237.3 2 0
stocksub/pkg/provider/tencent/client.go:239.2,239.59 1 0
stocksub/pkg/provider/tencent/client.go:243.58,244.9 1 0
stocksub/pkg/provider/tencent/client.go:245.72,246.14 1 0
stocksub/pkg/provider/tencent/client.go:247.72,248.14 1 0
stocksub/pkg/provider/tencent/client.go:249.72,250.14 1 0
stocksub/pkg/provider/tencent/client.go:251.10,252.14 1 0
stocksub/pkg/provider/tencent/parser.go:16.38,17.18 1 0
stocksub/pkg/provider/tencent/parser.go:17.18,19.3 1 0
stocksub/pkg/provider/tencent/parser.go:21.2,23.16 3 0
stocksub/pkg/provider/tencent/parser.go:23.16,25.3 1 0
stocksub/pkg/provider/tencent/parser.go:27.2,27.21 1 0
stocksub/pkg/provider/tencent/parser.go:31.59,32.16 1 0
stocksub/pkg/provider/tencent/parser.go:32.16,34.3 1 0
stocksub/pkg/provider/tencent/parser.go:36.2,40.31 4 0
stocksub/pkg/provider/tencent/parser.go:40.31,42.18 2 0
stocksub/pkg/provider/tencent/parser.go:42.18,43.12 1 0
stocksub/pkg/provider/tencent/parser.go:46.3,47.53 2 0
stocksub/pkg/provider/tencent/parser.go:47.53,48.12 1 0
stocksub/pkg/provider/tencent/parser.go:51.3,55.23 4 0
stocksub/pkg/provider/tencent/parser.go:55.23,56.12 1 0
stocksub/pkg/provider/tencent/parser.go:59.3,133.39 2 0
stocksub/pkg/provider/tencent/parser.go:136.2,136.16 1 0
stocksub/pkg/provider/tencent/parser.go:140.45,145.63 4 0
stocksub/pkg/provider/tencent/parser.go:145.63,147.3 1 0
stocksub/pkg/provider/tencent/parser.go:149.2,149.18 1 0
stocksub/pkg/provider/tencent/parser.go:153.35,154.13 1 0
stocksub/pkg/provider/tencent/parser.go:154.13,156.3 1 0
stocksub/pkg/provider/tencent/parser.go:157.2,158.16 2 0
stocksub/pkg/provider/tencent/parser.go:158.16,160.3 1 0
stocksub/pkg/provider/tencent/parser.go:161.2,161.12 1 0
stocksub/pkg/provider/tencent/parser.go:165.31,166.13 1 0
stocksub/pkg/provider/tencent/parser.go:166.13,168.3 1 0
stocksub/pkg/provider/tencent/parser.go:169.2,170.16 2 0
stocksub/pkg/provider/tencent/parser.go:170.16,172.3 1 0
stocksub/pkg/provider/tencent/parser.go:173.2,173.12 1 0
stocksub/pkg/provider/tencent/parser.go:177.42,178.23 1 1
stocksub/pkg/provider/tencent/parser.go:178.23,180.3 1 1
stocksub/pkg/provider/tencent/parser.go:182.2,183.24 2 1
stocksub/pkg/provider/tencent/parser.go:183.24,185.3 1 1
stocksub/pkg/provider/tencent/parser.go:185.8,185.31 1 1
stocksub/pkg/provider/tencent/parser.go:185.31,187.3 1 1
stocksub/pkg/provider/tencent/parser.go:187.8,189.3 1 1
stocksub/pkg/provider/tencent/parser.go:191.2,192.16 2 1
stocksub/pkg/provider/tencent/parser.go:192.16,194.3 1 0
stocksub/pkg/provider/tencent/parser.go:196.2,196.10 1 1
stocksub/pkg/provider/tencent/parser.go:200.38,201.13 1 0
stocksub/pkg/provider/tencent/parser.go:201.13,203.3 1 0
stocksub/pkg/provider/tencent/parser.go:205.2,206.21 2 0
stocksub/pkg/provider/tencent/parser.go:206.21,208.17 2 0
stocksub/pkg/provider/tencent/parser.go:208.17,210.4 1 0
stocksub/pkg/provider/tencent/parser.go:211.3,211.13 1 0
stocksub/pkg/provider/tencent/parser.go:214.2,215.16 2 0
stocksub/pkg/provider/tencent/parser.go:215.16,217.3 1 0
stocksub/pkg/provider/tencent/parser.go:218.2,218.12 1 0
stocksub/pkg/logger/logger.go:22.26,27.16 3 0
stocksub/pkg/logger/logger.go:27.16,29.3 1 0
stocksub/pkg/logger/logger.go:30.2,33.29 2 0
stocksub/pkg/logger/logger.go:33.29,37.3 1 0
stocksub/pkg/logger/logger.go:37.8,43.3 1 0
stocksub/pkg/logger/logger.go:45.2,45.29 1 0
stocksub/pkg/logger/logger.go:49.20,51.17 2 0
stocksub/pkg/logger/logger.go:51.17,52.32 1 0
stocksub/pkg/logger/logger.go:52.32,54.4 1 0
stocksub/pkg/logger/logger.go:54.9,56.4 1 0
stocksub/pkg/logger/logger.go:59.2,60.18 2 0
stocksub/pkg/logger/logger.go:60.18,62.3 1 0
stocksub/pkg/logger/logger.go:64.2,67.4 1 0
stocksub/pkg/logger/logger.go:71.33,72.19 1 0
stocksub/pkg/logger/logger.go:72.19,74.3 1 0
stocksub/pkg/logger/logger.go:75.2,75.15 1 0
stocksub/pkg/logger/logger.go:79.52,81.2 1 0
stocksub/pkg/logger/logger.go:84.33,86.2 1 0
stocksub/pkg/logger/logger.go:89.49,91.2 1 0
stocksub/pkg/logger/logger.go:94.32,96.2 1 0
stocksub/pkg/logger/logger.go:99.48,101.2 1 0
stocksub/pkg/logger/logger.go:104.32,106.2 1 0
stocksub/pkg/logger/logger.go:109.48,111.2 1 0
stocksub/pkg/logger/logger.go:114.33,116.2 1 0
stocksub/pkg/logger/logger.go:119.49,121.2 1 0
stocksub/pkg/logger/logger.go:124.29,126.16 2 0
stocksub/pkg/logger/logger.go:126.16,128.3 1 0
stocksub/pkg/logger/logger.go:129.2,129.25 1 0
stocksub/pkg/subscriber/manager.go:63.57,82.2 3 0
stocksub/pkg/subscriber/manager.go:85.52,87.48 1 0
stocksub/pkg/subscriber/manager.go:87.48,89.3 1 0
stocksub/pkg/subscriber/manager.go:92.2,103.12 5 0
stocksub/pkg/subscriber/manager.go:107.32,109.2 1 0
stocksub/pkg/subscriber/manager.go:112.97,114.16 2 0
stocksub/pkg/subscriber/manager.go:114.16,116.3 1 0
stocksub/pkg/subscriber/manager.go:119.2,130.12 7 0
stocksub/pkg/subscriber/manager.go:134.52,136.16 2 0
stocksub/pkg/subscriber/manager.go:136.16,138.3 1 0
stocksub/pkg/subscriber/manager.go:141.2,143.37 3 0
stocksub/pkg/subscriber/manager.go:143.37,145.3 1 0
stocksub/pkg/subscriber/manager.go:146.2,149.12 3 0
stocksub/pkg/subscriber/manager.go:153.69,156.31 2 0
stocksub/pkg/subscriber/manager.go:156.31,157.77 1 0
stocksub/pkg/subscriber/manager.go:157.77,159.4 1 0
stocksub/pkg/subscriber/manager.go:162.2,162.21 1 0
stocksub/pkg/subscriber/manager.go:162.21,164.3 1 0
stocksub/pkg/subscriber/manager.go:166.2,166.12 1 0
stocksub/pkg/subscriber/manager.go:170.60,173.33 2 0
stocksub/pkg/subscriber/manager.go:173.33,174.47 1 0
stocksub/pkg/subscriber/manager.go:174.47,176.4 1 0
stocksub/pkg/subscriber/manager.go:179.2,179.21 1 0
stocksub/pkg/subscriber/manager.go:179.21,181.3 1 0
stocksub/pkg/subscriber/manager.go:183.2,183.12 1 0
stocksub/pkg/subscriber/manager.go:187.46,194.46 5 0
stocksub/pkg/subscriber/manager.go:194.46,197.3 2 0
stocksub/pkg/subscriber/manager.go:199.2,199.34 1 0
stocksub/pkg/subscriber/manager.go:199.34,202.3 2 0
stocksub/pkg/subscriber/manager.go:204.2,204.14 1 0
stocksub/pkg/subscriber/manager.go:208.53,210.2 1 0
stocksub/pkg/subscriber/manager.go:213.63,217.6 3 0
stocksub/pkg/subscriber/manager.go:217.6,218.10 1 0
stocksub/pkg/subscriber/manager.go:219.21,220.10 1 0
stocksub/pkg/subscriber/manager.go:221.19,222.24 1 0
stocksub/pkg/subscriber/manager.go:228.57,232.6 3 0
stocksub/pkg/subscriber/manager.go:232.6,233.10 1 0
stocksub/pkg/subscriber/manager.go:234.21,235.10 1 0
stocksub/pkg/subscriber/manager.go:236.19,237.26 1 0
stocksub/pkg/subscriber/manager.go:243.58,246.6 2 0
stocksub/pkg/subscriber/manager.go:246.6,247.10 1 0
stocksub/pkg/subscriber/manager.go:248.21,249.10 1 0
stocksub/pkg/subscriber/manager.go:250.33,251.11 1 0
stocksub/pkg/subscriber/manager.go:251.11,253.5 1 0
stocksub/pkg/subscriber/manager.go:254.4,254.25 1 0
stocksub/pkg/subscriber/manager.go:260.51,265.13 4 0
stocksub/pkg/subscriber/manager.go:265.13,267.3 1 0
stocksub/pkg/subscriber/manager.go:269.2,269.20 1 0
stocksub/pkg/subscriber/manager.go:270.21,274.28 4 0
stocksub/pkg/subscriber/manager.go:276.22,279.25 3 0
stocksub/pkg/subscriber/manager.go:279.25,282.4 2 0
stocksub/pkg/subscriber/manager.go:283.3,286.78 2 0
stocksub/pkg/subscriber/manager.go:286.78,288.4 1 0
stocksub/pkg/subscriber/manager.go:291.2,291.37 1 0
stocksub/pkg/subscriber/manager.go:295.38,301.2 4 0
stocksub/pkg/subscriber/manager.go:304.40,308.55 3 0
stocksub/pkg/subscriber/manager.go:308.55,310.70 1 0
stocksub/pkg/subscriber/manager.go:310.70,313.4 2 0
stocksub/pkg/subscriber/manager.go:315.2,317.31 2 0
stocksub/pkg/subscriber/manager.go:317.31,320.3 1 0
stocksub/pkg/subscriber/manager.go:324.49,330.36 4 0
stocksub/pkg/subscriber/manager.go:330.36,331.27 1 0
stocksub/pkg/subscriber/manager.go:331.27,333.9 2 0
stocksub/pkg/subscriber/manager.go:337.2,337.22 1 0
stocksub/pkg/subscriber/manager.go:337.22,340.3 2 0
stocksub/pkg/subscriber/manager.go:343.2,343.57 1 0
stocksub/pkg/subscriber/manager.go:343.57,346.3 2 0
stocksub/pkg/subscriber/manager.go:348.2,350.95 2 0
stocksub/pkg/subscriber/manager.go:350.95,353.3 2 0
stocksub/pkg/subscriber/manager.go:356.2,357.64 2 0
stocksub/pkg/subscriber/manager.go:357.64,361.3 3 0
stocksub/pkg/subscriber/manager.go:362.2,364.76 2 0
stocksub/pkg/subscriber/serializer.go:22.47,23.12 1 1
stocksub/pkg/subscriber/serializer.go:24.17,25.15 1 1
stocksub/pkg/subscriber/serializer.go:26.18,27.16 1 1
stocksub/pkg/subscriber/serializer.go:28.10,29.19 1 1
stocksub/pkg/subscriber/serializer.go:40.88,43.16 2 1
stocksub/pkg/subscriber/serializer.go:43.16,46.3 1 0
stocksub/pkg/subscriber/serializer.go:48.2,51.3 1 1
stocksub/pkg/subscriber/serializer.go:55.80,56.18 1 1
stocksub/pkg/subscriber/serializer.go:57.17,58.32 1 1
stocksub/pkg/subscriber/serializer.go:59.18,60.33 1 1
stocksub/pkg/subscriber/serializer.go:61.10,62.75 1 0
stocksub/pkg/subscriber/serializer.go:67.87,68.18 1 1
stocksub/pkg/subscriber/serializer.go:69.17,70.44 1 1
stocksub/pkg/subscriber/serializer.go:71.18,72.45 1 1
stocksub/pkg/subscriber/serializer.go:73.10,74.72 1 0
stocksub/pkg/subscriber/serializer.go:79.54,80.18 1 1
stocksub/pkg/subscriber/serializer.go:81.17,82.20 1 1
stocksub/pkg/subscriber/serializer.go:83.18,84.28 1 1
stocksub/pkg/subscriber/serializer.go:85.10,86.36 1 0
stocksub/pkg/subscriber/serializer.go:91.85,93.9 2 1
stocksub/pkg/subscriber/serializer.go:93.9,95.3 1 1
stocksub/pkg/subscriber/serializer.go:97.2,102.46 4 1
stocksub/pkg/subscriber/serializer.go:102.46,104.3 1 0
stocksub/pkg/subscriber/serializer.go:107.2,108.45 2 1
stocksub/pkg/subscriber/serializer.go:108.45,110.3 1 0
stocksub/pkg/subscriber/serializer.go:112.2,113.39 2 1
stocksub/pkg/subscriber/serializer.go:113.39,115.3 1 0
stocksub/pkg/subscriber/serializer.go:117.2,117.25 1 1
stocksub/pkg/subscriber/serializer.go:121.86,123.9 2 1
stocksub/pkg/subscriber/serializer.go:123.9,125.3 1 0
stocksub/pkg/subscriber/serializer.go:128.2,134.31 2 1
stocksub/pkg/subscriber/serializer.go:138.94,140.9 2 1
stocksub/pkg/subscriber/serializer.go:140.9,142.3 1 1
stocksub/pkg/subscriber/serializer.go:144.2,146.16 3 1
stocksub/pkg/subscriber/serializer.go:146.16,148.3 1 0
stocksub/pkg/subscriber/serializer.go:150.2,150.22 1 1
stocksub/pkg/subscriber/serializer.go:150.22,152.3 1 1
stocksub/pkg/subscriber/serializer.go:154.2,157.34 3 1
stocksub/pkg/subscriber/serializer.go:157.34,159.3 1 0
stocksub/pkg/subscriber/serializer.go:162.2,163.16 2 1
stocksub/pkg/subscriber/serializer.go:163.16,165.3 1 0
stocksub/pkg/subscriber/serializer.go:168.2,168.41 1 1
stocksub/pkg/subscriber/serializer.go:168.41,169.22 1 1
stocksub/pkg/subscriber/serializer.go:169.22,170.12 1 0
stocksub/pkg/subscriber/serializer.go:173.3,175.17 3 1
stocksub/pkg/subscriber/serializer.go:175.17,177.4 1 0
stocksub/pkg/subscriber/serializer.go:179.3,179.55 1 1
stocksub/pkg/subscriber/serializer.go:179.55,181.4 1 0
stocksub/pkg/subscriber/serializer.go:184.2,184.12 1 1
stocksub/pkg/subscriber/serializer.go:188.95,190.9 2 1
stocksub/pkg/subscriber/serializer.go:190.9,192.3 1 0
stocksub/pkg/subscriber/serializer.go:194.2,195.56 2 1
stocksub/pkg/subscriber/serializer.go:195.56,197.3 1 0
stocksub/pkg/subscriber/serializer.go:200.2,200.54 1 1
stocksub/pkg/subscriber/serializer.go:200.54,202.17 2 1
stocksub/pkg/subscriber/serializer.go:202.17,204.4 1 0
stocksub/pkg/subscriber/serializer.go:205.3,205.65 1 1
stocksub/pkg/subscriber/serializer.go:205.65,207.4 1 0
stocksub/pkg/subscriber/serializer.go:211.2,211.54 1 1
stocksub/pkg/subscriber/serializer.go:211.54,212.60 1 1
stocksub/pkg/subscriber/serializer.go:212.60,214.4 1 1
stocksub/pkg/subscriber/serializer.go:218.2,218.60 1 1
stocksub/pkg/subscriber/serializer.go:218.60,219.53 1 1
stocksub/pkg/subscriber/serializer.go:219.53,220.107 1 1
stocksub/pkg/subscriber/serializer.go:220.107,222.5 1 1
stocksub/pkg/subscriber/serializer.go:226.2,226.12 1 1
stocksub/pkg/subscriber/serializer.go:230.84,233.46 2 1
stocksub/pkg/subscriber/serializer.go:233.46,235.14 2 1
stocksub/pkg/subscriber/serializer.go:235.14,237.12 2 0
stocksub/pkg/subscriber/serializer.go:241.3,241.33 1 1
stocksub/pkg/subscriber/serializer.go:241.33,243.4 1 1
stocksub/pkg/subscriber/serializer.go:243.9,245.4 1 0
stocksub/pkg/subscriber/serializer.go:248.2,248.16 1 1
stocksub/pkg/subscriber/serializer.go:252.83,255.49 2 1
stocksub/pkg/subscriber/serializer.go:255.49,257.33 2 1
stocksub/pkg/subscriber/serializer.go:257.33,259.12 2 1
stocksub/pkg/subscriber/serializer.go:262.3,263.53 2 1
stocksub/pkg/subscriber/serializer.go:266.2,266.15 1 1
stocksub/pkg/subscriber/serializer.go:270.98,271.18 1 1
stocksub/pkg/subscriber/serializer.go:271.18,273.3 1 0
stocksub/pkg/subscriber/serializer.go:275.2,275.19 1 1
stocksub/pkg/subscriber/serializer.go:276.23,277.36 1 1
stocksub/pkg/subscriber/serializer.go:277.36,279.4 1 1
stocksub/pkg/subscriber/serializer.go:280.20,281.28 1 1
stocksub/pkg/subscriber/serializer.go:282.12,283.26 1 0
stocksub/pkg/subscriber/serializer.go:284.14,285.42 1 0
stocksub/pkg/subscriber/serializer.go:286.14,287.35 1 1
stocksub/pkg/subscriber/serializer.go:289.24,290.28 1 1
stocksub/pkg/subscriber/serializer.go:291.16,292.54 1 0
stocksub/pkg/subscriber/serializer.go:293.16,294.45 1 1
stocksub/pkg/subscriber/serializer.go:296.21,297.32 1 0
stocksub/pkg/subscriber/serializer.go:297.32,299.4 1 0
stocksub/pkg/subscriber/serializer.go:300.21,301.37 1 1
stocksub/pkg/subscriber/serializer.go:301.37,304.4 1 1
stocksub/pkg/subscriber/serializer.go:307.2,307.33 1 0
stocksub/pkg/subscriber/serializer.go:311.79,314.33 2 1
stocksub/pkg/subscriber/serializer.go:314.33,316.69 1 1
stocksub/pkg/subscriber/serializer.go:316.69,320.45 3 1
stocksub/pkg/subscriber/serializer.go:320.45,322.5 1 1
stocksub/pkg/subscriber/serializer.go:322.10,324.5 1 0
stocksub/pkg/subscriber/serializer.go:325.9,327.4 1 1
stocksub/pkg/subscriber/serializer.go:330.2,330.19 1 1
stocksub/pkg/subscriber/serializer.go:334.119,341.39 4 1
stocksub/pkg/subscriber/serializer.go:341.39,342.22 1 1
stocksub/pkg/subscriber/serializer.go:342.22,344.12 2 1
stocksub/pkg/subscriber/serializer.go:347.3,347.53 1 1
stocksub/pkg/subscriber/serializer.go:347.53,350.4 2 1
stocksub/pkg/subscriber/serializer.go:350.9,352.4 1 1
stocksub/pkg/subscriber/serializer.go:356.2,356.28 1 1
stocksub/pkg/subscriber/serializer.go:356.28,358.40 2 1
stocksub/pkg/subscriber/serializer.go:358.40,360.4 1 1
stocksub/pkg/subscriber/serializer.go:362.3,367.42 1 1
stocksub/pkg/subscriber/serializer.go:370.2,370.25 1 1
stocksub/pkg/subscriber/serializer.go:374.106,375.17 1 1
stocksub/pkg/subscriber/serializer.go:375.17,377.3 1 1
stocksub/pkg/subscriber/serializer.go:379.2,379.19 1 1
stocksub/pkg/subscriber/serializer.go:380.23,381.20 1 1
stocksub/pkg/subscriber/serializer.go:382.20,383.41 1 1
stocksub/pkg/subscriber/serializer.go:384.24,385.39 1 1
stocksub/pkg/subscriber/serializer.go:386.21,387.34 1 0
stocksub/pkg/subscriber/serializer.go:388.21,390.72 1 1
stocksub/pkg/subscriber/serializer.go:391.10,392.20 1 0
stocksub/pkg/subscriber/serializer.go:397.116,398.18 1 1
stocksub/pkg/subscriber/serializer.go:399.17,400.52 1 1
stocksub/pkg/subscriber/serializer.go:401.18,402.53 1 1
stocksub/pkg/subscriber/serializer.go:403.10,404.77 1 0
stocksub/pkg/subscriber/serializer.go:409.123,412.16 3 1
stocksub/pkg/subscriber/serializer.go:412.16,414.3 1 1
stocksub/pkg/subscriber/serializer.go:416.2,416.22 1 1
stocksub/pkg/subscriber/serializer.go:416.22,418.3 1 1
stocksub/pkg/subscriber/serializer.go:420.2,425.16 4 1
stocksub/pkg/subscriber/serializer.go:425.16,427.3 1 1
stocksub/pkg/subscriber/serializer.go:430.2,431.42 2 1
stocksub/pkg/subscriber/serializer.go:431.42,432.35 1 1
stocksub/pkg/subscriber/serializer.go:432.35,435.4 1 0
stocksub/pkg/subscriber/serializer.go:437.3,440.42 2 1
stocksub/pkg/subscriber/serializer.go:440.42,441.23 1 1
stocksub/pkg/subscriber/serializer.go:441.23,442.13 1 0
stocksub/pkg/subscriber/serializer.go:445.4,447.18 3 1
stocksub/pkg/subscriber/serializer.go:447.18,450.5 1 1
stocksub/pkg/subscriber/serializer.go:452.4,452.56 1 1
stocksub/pkg/subscriber/serializer.go:452.56,454.5 1 0
stocksub/pkg/subscriber/serializer.go:457.3,457.30 1 1
stocksub/pkg/subscriber/serializer.go:460.2,460.20 1 1
stocksub/pkg/subscriber/serializer.go:464.124,466.60 2 1
stocksub/pkg/subscriber/serializer.go:466.60,468.3 1 0
stocksub/pkg/subscriber/serializer.go:470.2,471.40 2 1
stocksub/pkg/subscriber/serializer.go:471.40,475.55 2 1
stocksub/pkg/subscriber/serializer.go:475.55,476.61 1 1
stocksub/pkg/subscriber/serializer.go:476.61,477.42 1 1
stocksub/pkg/subscriber/serializer.go:477.42,478.58 1 1
stocksub/pkg/subscriber/serializer.go:478.58,480.7 1 0
stocksub/pkg/subscriber/serializer.go:486.3,486.61 1 1
stocksub/pkg/subscriber/serializer.go:486.61,487.54 1 1
stocksub/pkg/subscriber/serializer.go:487.54,488.108 1 1
stocksub/pkg/subscriber/serializer.go:488.108,491.64 2 1
stocksub/pkg/subscriber/serializer.go:491.64,493.7 1 0
stocksub/pkg/subscriber/serializer.go:499.3,499.43 1 1
stocksub/pkg/subscriber/serializer.go:499.43,501.4 1 0
stocksub/pkg/subscriber/serializer.go:503.3,503.30 1 1
stocksub/pkg/subscriber/serializer.go:506.2,506.20 1 1
stocksub/pkg/subscriber/serializer.go:510.98,511.24 1 1
stocksub/pkg/subscriber/serializer.go:511.24,513.3 1 0
stocksub/pkg/subscriber/serializer.go:515.2,515.18 1 1
stocksub/pkg/subscriber/serializer.go:516.17,517.44 1 1
stocksub/pkg/subscriber/serializer.go:518.18,519.45 1 0
stocksub/pkg/subscriber/serializer.go:520.10,521.75 1 0
stocksub/pkg/subscriber/serializer.go:526.103,527.24 1 1
stocksub/pkg/subscriber/serializer.go:527.24,529.3 1 0
stocksub/pkg/subscriber/serializer.go:531.2,537.46 5 1
stocksub/pkg/subscriber/serializer.go:537.46,539.3 1 0
stocksub/pkg/subscriber/serializer.go:542.2,542.30 1 1
stocksub/pkg/subscriber/serializer.go:542.30,544.46 1 1
stocksub/pkg/subscriber/serializer.go:544.46,546.4 1 1
stocksub/pkg/subscriber/serializer.go:548.3,549.46 2 1
stocksub/pkg/subscriber/serializer.go:549.46,551.4 1 0
stocksub/pkg/subscriber/serializer.go:554.2,555.39 2 1
stocksub/pkg/subscriber/serializer.go:555.39,557.3 1 0
stocksub/pkg/subscriber/serializer.go:559.2,559.25 1 1
stocksub/pkg/subscriber/serializer.go:563.104,566.30 2 0
stocksub/pkg/subscriber/serializer.go:566.30,572.3 1 0
stocksub/pkg/subscriber/serializer.go:574.2,574.35 1 0
stocksub/pkg/subscriber/subscriber.go:30.58,40.2 1 0
stocksub/pkg/subscriber/subscriber.go:43.107,44.18 1 0
stocksub/pkg/subscriber/subscriber.go:44.18,46.3 1 0
stocksub/pkg/subscriber/subscriber.go:48.2,48.21 1 0
stocksub/pkg/subscriber/subscriber.go:48.21,50.3 1 0
stocksub/pkg/subscriber/subscriber.go:52.2,52.30 1 0
stocksub/pkg/subscriber/subscriber.go:52.30,54.3 1 0
stocksub/pkg/subscriber/subscriber.go:56.2,56.30 1 0
stocksub/pkg/subscriber/subscriber.go:56.30,58.3 1 0
stocksub/pkg/subscriber/subscriber.go:60.2,60.43 1 0
stocksub/pkg/subscriber/subscriber.go:60.43,62.3 1 0
stocksub/pkg/subscriber/subscriber.go:64.2,67.39 3 0
stocksub/pkg/subscriber/subscriber.go:67.39,69.3 1 0
stocksub/pkg/subscriber/subscriber.go:72.2,72.57 1 0
stocksub/pkg/subscriber/subscriber.go:72.57,77.3 4 0
stocksub/pkg/subscriber/subscriber.go:77.8,85.3 2 0
stocksub/pkg/subscriber/subscriber.go:88.2,88.9 1 0
stocksub/pkg/subscriber/subscriber.go:93.4,93.4 0 0
stocksub/pkg/subscriber/subscriber.go:94.10,95.89 1 0
stocksub/pkg/subscriber/subscriber.go:98.2,98.12 1 0
stocksub/pkg/subscriber/subscriber.go:102.62,106.51 3 0
stocksub/pkg/subscriber/subscriber.go:106.51,108.3 1 0
stocksub/pkg/subscriber/subscriber.go:110.2,114.9 3 0
stocksub/pkg/subscriber/subscriber.go:119.4,119.4 0 0
stocksub/pkg/subscriber/subscriber.go:120.10,121.91 1 0
stocksub/pkg/subscriber/subscriber.go:124.2,124.12 1 0
stocksub/pkg/subscriber/subscriber.go:128.62,136.2 5 0
stocksub/pkg/subscriber/subscriber.go:139.42,140.21 1 0
stocksub/pkg/subscriber/subscriber.go:140.21,142.3 1 0
stocksub/pkg/subscriber/subscriber.go:143.2,146.12 4 0
stocksub/pkg/subscriber/subscriber.go:149.63,164.38 4 0
stocksub/pkg/subscriber/subscriber.go:164.38,171.3 1 0
stocksub/pkg/subscriber/subscriber.go:175.2,175.13 1 0
stocksub/pkg/subscriber/subscriber.go:179.60,182.2 2 0
stocksub/pkg/subscriber/subscriber.go:185.66,187.2 1 0
stocksub/pkg/subscriber/subscriber.go:190.58,192.2 1 0
stocksub/pkg/subscriber/subscriber.go:195.71,198.2 2 0
stocksub/pkg/subscriber/subscriber.go:201.48,225.6 7 0
stocksub/pkg/subscriber/subscriber.go:225.6,228.10 1 0
stocksub/pkg/subscriber/subscriber.go:232.23,234.10 2 0
stocksub/pkg/subscriber/subscriber.go:238.19,255.45 5 0
stocksub/pkg/subscriber/subscriber.go:255.45,257.20 1 0
stocksub/pkg/subscriber/subscriber.go:257.20,258.14 1 0
stocksub/pkg/subscriber/subscriber.go:262.5,268.54 2 0
stocksub/pkg/subscriber/subscriber.go:268.54,273.6 2 0
stocksub/pkg/subscriber/subscriber.go:276.4,279.31 2 0
stocksub/pkg/subscriber/subscriber.go:279.31,286.5 2 0
stocksub/pkg/subscriber/subscriber.go:286.10,288.5 1 0
stocksub/pkg/subscriber/subscriber.go:312.62,337.16 7 0
stocksub/pkg/subscriber/subscriber.go:337.16,344.34 2 0
stocksub/pkg/subscriber/subscriber.go:344.34,346.4 1 0
stocksub/pkg/subscriber/subscriber.go:347.3,347.9 1 0
stocksub/pkg/subscriber/subscriber.go:352.2,359.29 3 0
stocksub/pkg/subscriber/subscriber.go:359.29,362.3 1 0
stocksub/pkg/subscriber/subscriber.go:367.2,370.33 2 0
stocksub/pkg/subscriber/subscriber.go:370.33,373.67 1 0
stocksub/pkg/subscriber/subscriber.go:373.67,375.50 1 0
stocksub/pkg/subscriber/subscriber.go:375.50,382.5 1 0
stocksub/pkg/subscriber/subscriber.go:382.10,389.5 1 0
stocksub/pkg/subscriber/subscriber.go:396.2,396.20 1 0
stocksub/pkg/subscriber/subscriber.go:412.79,414.15 1 0
stocksub/pkg/subscriber/subscriber.go:414.15,415.31 1 0
stocksub/pkg/subscriber/subscriber.go:415.31,418.4 1 0
stocksub/pkg/subscriber/subscriber.go:423.2,423.43 1 0
stocksub/pkg/subscriber/subscriber.go:423.43,427.3 2 0
stocksub/pkg/subscriber/subscriber.go:432.2,432.9 1 0
stocksub/pkg/subscriber/subscriber.go:438.4,438.4 0 0
stocksub/pkg/subscriber/subscriber.go:439.10,439.10 0 0
stocksub/pkg/subscriber/subscriber.go:445.67,446.9 1 0
stocksub/pkg/subscriber/subscriber.go:452.4,452.4 0 0
stocksub/pkg/subscriber/subscriber.go:453.10,453.10 0 0
stocksub/pkg/subscriber/types.go:137.53,139.2 1 0
stocksub/pkg/subscriber/types.go:142.59,144.2 1 0
stocksub/pkg/subscriber/types.go:158.37,159.12 1 1
stocksub/pkg/subscriber/types.go:160.23,161.18 1 1
stocksub/pkg/subscriber/types.go:162.20,163.15 1 1
stocksub/pkg/subscriber/types.go:164.24,165.19 1 1
stocksub/pkg/subscriber/types.go:166.21,167.16 1 1
stocksub/pkg/subscriber/types.go:168.21,169.16 1 1
stocksub/pkg/subscriber/types.go:170.10,171.19 1 1
stocksub/pkg/subscriber/types.go:202.60,208.2 1 1
stocksub/pkg/subscriber/types.go:211.79,213.13 2 1
stocksub/pkg/subscriber/types.go:213.13,215.3 1 1
stocksub/pkg/subscriber/types.go:218.2,218.45 1 1
stocksub/pkg/subscriber/types.go:218.45,220.3 1 1
stocksub/pkg/subscriber/types.go:223.2,223.31 1 1
stocksub/pkg/subscriber/types.go:223.31,224.51 1 0
stocksub/pkg/subscriber/types.go:224.51,226.4 1 0
stocksub/pkg/subscriber/types.go:229.2,230.12 2 1
stocksub/pkg/subscriber/types.go:234.75,236.13 2 1
stocksub/pkg/subscriber/types.go:236.13,238.3 1 1
stocksub/pkg/subscriber/types.go:240.2,241.13 2 1
stocksub/pkg/subscriber/types.go:241.13,243.35 1 1
stocksub/pkg/subscriber/types.go:243.35,245.4 1 1
stocksub/pkg/subscriber/types.go:246.3,246.24 1 1
stocksub/pkg/subscriber/types.go:246.24,248.4 1 1
stocksub/pkg/subscriber/types.go:249.3,249.18 1 1
stocksub/pkg/subscriber/types.go:252.2,252.19 1 1
stocksub/pkg/subscriber/types.go:256.48,257.52 1 1
stocksub/pkg/subscriber/types.go:257.52,261.35 2 1
stocksub/pkg/subscriber/types.go:261.35,263.4 1 1
stocksub/pkg/subscriber/types.go:266.3,266.56 1 1
stocksub/pkg/subscriber/types.go:266.56,268.4 1 1
stocksub/pkg/subscriber/types.go:271.3,271.42 1 1
stocksub/pkg/subscriber/types.go:271.42,272.52 1 0
stocksub/pkg/subscriber/types.go:272.52,274.5 1 0
stocksub/pkg/subscriber/types.go:277.2,277.12 1 1
stocksub/pkg/subscriber/types.go:302.46,303.19 1 1
stocksub/pkg/subscriber/types.go:303.19,305.3 1 1
stocksub/pkg/subscriber/types.go:306.2,306.42 1 1
stocksub/pkg/subscriber/types.go:310.89,316.2 1 1
stocksub/pkg/subscriber/types.go:606.78,658.46 4 1
stocksub/pkg/subscriber/types.go:658.46,659.55 1 1
stocksub/pkg/subscriber/types.go:659.55,661.4 1 0
stocksub/pkg/subscriber/types.go:664.2,664.16 1 1
stocksub/pkg/subscriber/types.go:668.72,669.36 1 1
stocksub/pkg/subscriber/types.go:669.36,671.3 1 1
stocksub/pkg/subscriber/types.go:673.2,676.45 2 1
stocksub/pkg/subscriber/types.go:676.45,677.71 1 1
stocksub/pkg/subscriber/types.go:677.71,678.37 1 1
stocksub/pkg/subscriber/types.go:678.37,680.5 1 1
stocksub/pkg/subscriber/types.go:682.3,682.12 1 0
stocksub/pkg/subscriber/types.go:685.2,685.47 1 1
stocksub/pkg/subscriber/types.go:685.47,686.71 1 1
stocksub/pkg/subscriber/types.go:686.71,687.36 1 1
stocksub/pkg/subscriber/types.go:687.36,689.5 1 1
stocksub/pkg/subscriber/types.go:691.3,691.11 1 1
stocksub/pkg/subscriber/types.go:694.2,694.43 1 1
stocksub/pkg/subscriber/types.go:694.43,695.71 1 1
stocksub/pkg/subscriber/types.go:695.71,696.29 1 1
stocksub/pkg/subscriber/types.go:697.15,698.13 1 1
stocksub/pkg/subscriber/types.go:699.13,700.20 1 0
stocksub/pkg/subscriber/types.go:701.15,702.20 1 0
stocksub/pkg/subscriber/types.go:705.3,705.11 1 1
stocksub/pkg/subscriber/types.go:708.2,708.46 1 1
stocksub/pkg/subscriber/types.go:708.46,709.71 1 1
stocksub/pkg/subscriber/types.go:709.71,710.38 1 1
stocksub/pkg/subscriber/types.go:710.38,712.5 1 1
stocksub/pkg/subscriber/types.go:714.3,714.21 1 0
stocksub/pkg/subscriber/types.go:718.2,762.23 44 1
stocksub/pkg/subscriber/types.go:766.71,767.18 1 1
stocksub/pkg/subscriber/types.go:767.18,769.3 1 1
stocksub/pkg/subscriber/types.go:771.2,771.22 1 1
stocksub/pkg/subscriber/types.go:772.23,774.12 2 1
stocksub/pkg/subscriber/types.go:775.20,776.23 1 1
stocksub/pkg/subscriber/types.go:777.39,778.15 1 1
stocksub/pkg/subscriber/types.go:779.11,780.16 1 1
stocksub/pkg/subscriber/types.go:782.24,783.23 1 1
stocksub/pkg/subscriber/types.go:784.25,785.15 1 1
stocksub/pkg/subscriber/types.go:786.11,787.16 1 1
stocksub/pkg/subscriber/types.go:789.21,791.12 2 1
stocksub/pkg/subscriber/types.go:792.21,794.12 2 1
stocksub/pkg/subscriber/types.go:795.10,796.15 1 0
stocksub/pkg/subscriber/types.go:801.47,802.19 1 1
stocksub/pkg/subscriber/types.go:802.19,804.3 1 1
stocksub/pkg/subscriber/types.go:806.2,806.23 1 1
stocksub/pkg/subscriber/types.go:806.23,808.3 1 1
stocksub/pkg/subscriber/types.go:810.2,810.29 1 1
stocksub/pkg/subscriber/types.go:810.29,812.3 1 1
stocksub/pkg/subscriber/types.go:815.2,815.32 1 1
stocksub/pkg/subscriber/types.go:815.32,817.47 2 1
stocksub/pkg/subscriber/types.go:817.47,819.54 2 1
stocksub/pkg/subscriber/types.go:819.54,821.5 1 1
stocksub/pkg/subscriber/types.go:825.3,825.40 1 1
stocksub/pkg/subscriber/types.go:825.40,826.33 1 1
stocksub/pkg/subscriber/types.go:826.33,828.5 1 1
stocksub/pkg/subscriber/types.go:833.2,833.49 1 1
stocksub/pkg/subscriber/types.go:833.49,834.70 1 1
stocksub/pkg/subscriber/types.go:834.70,836.4 1 0
stocksub/pkg/subscriber/types.go:839.2,839.12 1 1
stocksub/pkg/subscriber/types.go:843.81,844.21 1 1
stocksub/pkg/subscriber/types.go:844.21,846.3 1 1
stocksub/pkg/subscriber/types.go:848.2,848.25 1 1
stocksub/pkg/subscriber/types.go:848.25,850.3 1 1
stocksub/pkg/subscriber/types.go:852.2,852.32 1 1
stocksub/pkg/subscriber/types.go:852.32,854.3 1 1
stocksub/pkg/subscriber/types.go:857.2,857.70 1 1
stocksub/pkg/subscriber/types.go:857.70,859.3 1 1
stocksub/pkg/subscriber/types.go:862.2,862.34 1 1
stocksub/pkg/subscriber/types.go:862.34,863.62 1 1
stocksub/pkg/subscriber/types.go:863.62,865.4 1 1
stocksub/pkg/subscriber/types.go:869.2,869.55 1 1
stocksub/pkg/subscriber/types.go:869.56,871.3 0 1
stocksub/pkg/subscriber/types.go:873.2,873.12 1 1
stocksub/pkg/subscriber/types.go:877.95,878.21 1 1
stocksub/pkg/subscriber/types.go:878.21,880.3 1 1
stocksub/pkg/subscriber/types.go:883.2,883.39 1 1
stocksub/pkg/subscriber/types.go:883.39,885.3 1 1
stocksub/pkg/subscriber/types.go:888.2,888.18 1 1
stocksub/pkg/subscriber/types.go:888.18,890.3 1 1
stocksub/pkg/subscriber/types.go:893.2,893.45 1 1
stocksub/pkg/subscriber/types.go:893.45,895.3 1 1
stocksub/pkg/subscriber/types.go:898.2,898.71 1 1
stocksub/pkg/subscriber/types.go:898.71,900.3 1 1
stocksub/pkg/subscriber/types.go:903.2,903.31 1 1
stocksub/pkg/subscriber/types.go:903.31,904.51 1 0
stocksub/pkg/subscriber/types.go:904.51,906.4 1 0
stocksub/pkg/subscriber/types.go:909.2,909.12 1 1
stocksub/pkg/subscriber/types.go:913.95,914.23 1 1
stocksub/pkg/subscriber/types.go:915.24,916.35 1 1
stocksub/pkg/subscriber/types.go:916.35,918.41 1 1
stocksub/pkg/subscriber/types.go:918.41,920.5 1 1
stocksub/pkg/subscriber/types.go:922.4,922.37 1 1
stocksub/pkg/subscriber/types.go:922.37,924.5 1 1
stocksub/pkg/subscriber/types.go:926.20,928.69 1 1
stocksub/pkg/subscriber/types.go:928.69,930.29 2 1
stocksub/pkg/subscriber/types.go:931.13,932.22 1 1
stocksub/pkg/subscriber/types.go:933.15,934.15 1 1
stocksub/pkg/subscriber/types.go:935.15,936.22 1 0
stocksub/pkg/subscriber/types.go:938.4,938.18 1 1
stocksub/pkg/subscriber/types.go:938.18,940.5 1 1
stocksub/pkg/subscriber/types.go:942.23,943.36 1 1
stocksub/pkg/subscriber/types.go:943.36,945.64 1 1
stocksub/pkg/subscriber/types.go:945.64,947.5 1 1
stocksub/pkg/subscriber/types.go:948.4,948.44 1 1
stocksub/pkg/subscriber/types.go:948.44,950.5 1 1
stocksub/pkg/subscriber/types.go:954.2,954.12 1 1
stocksub/pkg/subscriber/types.go:958.83,960.13 2 1
stocksub/pkg/subscriber/types.go:960.13,962.3 1 1
stocksub/pkg/subscriber/types.go:965.2,965.71 1 1
stocksub/pkg/subscriber/types.go:965.71,967.3 1 1
stocksub/pkg/subscriber/types.go:969.2,970.12 2 1
stocksub/pkg/subscriber/types.go:974.56,976.50 1 1
stocksub/pkg/subscriber/types.go:976.50,978.3 1 1
stocksub/pkg/subscriber/types.go:981.2,981.52 1 1
stocksub/pkg/subscriber/types.go:981.52,983.72 2 1
stocksub/pkg/subscriber/types.go:983.72,985.4 1 1
stocksub/pkg/subscriber/types.go:989.2,989.35 1 1
stocksub/pkg/subscriber/types.go:989.35,990.56 1 1
stocksub/pkg/subscriber/types.go:990.56,992.4 1 1
stocksub/pkg/subscriber/types.go:995.2,995.12 1 1
stocksub/pkg/subscriber/types.go:999.101,1001.13 2 1
stocksub/pkg/subscriber/types.go:1001.13,1003.3 1 1
stocksub/pkg/subscriber/types.go:1005.2,1006.13 2 1
stocksub/pkg/subscriber/types.go:1006.13,1008.35 1 1
stocksub/pkg/subscriber/types.go:1008.35,1010.4 1 0
stocksub/pkg/subscriber/types.go:1011.3,1011.24 1 1
stocksub/pkg/subscriber/types.go:1011.24,1013.4 1 1
stocksub/pkg/subscriber/types.go:1014.3,1014.18 1 1
stocksub/pkg/subscriber/types.go:1018.2,1018.33 1 1
stocksub/pkg/subscriber/types.go:1018.33,1020.3 1 1
stocksub/pkg/subscriber/types.go:1022.2,1022.19 1 1
stocksub/pkg/testkit/config/config.go:117.30,202.2 1 1
stocksub/pkg/testkit/config/config.go:206.51,207.20 1 1
stocksub/pkg/testkit/config/config.go:207.20,209.3 1 0
stocksub/pkg/testkit/config/config.go:212.2,212.53 1 1
stocksub/pkg/testkit/config/config.go:212.53,215.54 2 1
stocksub/pkg/testkit/config/config.go:215.54,217.4 1 0
stocksub/pkg/testkit/config/config.go:218.3,218.21 1 1
stocksub/pkg/testkit/config/config.go:222.2,223.16 2 1
stocksub/pkg/testkit/config/config.go:223.16,225.3 1 0
stocksub/pkg/testkit/config/config.go:228.2,229.53 2 1
stocksub/pkg/testkit/config/config.go:229.53,231.3 1 0
stocksub/pkg/testkit/config/config.go:234.2,234.42 1 1
stocksub/pkg/testkit/config/config.go:234.42,236.3 1 0
stocksub/pkg/testkit/config/config.go:238.2,238.20 1 1
stocksub/pkg/testkit/config/config.go:242.56,245.47 2 1
stocksub/pkg/testkit/config/config.go:245.47,247.3 1 0
stocksub/pkg/testkit/config/config.go:250.2,251.16 2 1
stocksub/pkg/testkit/config/config.go:251.16,253.3 1 0
stocksub/pkg/testkit/config/config.go:256.2,256.59 1 1
stocksub/pkg/testkit/config/config.go:256.59,258.3 1 0
stocksub/pkg/testkit/config/config.go:260.2,260.12 1 1
stocksub/pkg/testkit/config/config.go:264.35,267.26 1 1
stocksub/pkg/testkit/config/config.go:267.26,269.3 1 0
stocksub/pkg/testkit/config/config.go:270.2,270.41 1 1
stocksub/pkg/testkit/config/config.go:270.41,272.3 1 1
stocksub/pkg/testkit/config/config.go:273.2,273.31 1 1
stocksub/pkg/testkit/config/config.go:273.31,275.3 1 0
stocksub/pkg/testkit/config/config.go:276.2,276.32 1 1
stocksub/pkg/testkit/config/config.go:276.32,278.3 1 0
stocksub/pkg/testkit/config/config.go:279.2,279.29 1 1
stocksub/pkg/testkit/config/config.go:279.29,281.3 1 0
stocksub/pkg/testkit/config/config.go:284.2,284.26 1 1
stocksub/pkg/testkit/config/config.go:284.26,286.3 1 0
stocksub/pkg/testkit/config/config.go:287.2,287.22 1 1
stocksub/pkg/testkit/config/config.go:287.22,289.3 1 0
stocksub/pkg/testkit/config/config.go:290.2,290.37 1 1
stocksub/pkg/testkit/config/config.go:290.37,292.3 1 0
stocksub/pkg/testkit/config/config.go:293.2,293.52 1 1
stocksub/pkg/testkit/config/config.go:293.52,295.3 1 1
stocksub/pkg/testkit/config/config.go:298.2,298.27 1 1
stocksub/pkg/testkit/config/config.go:298.27,300.3 1 0
stocksub/pkg/testkit/config/config.go:301.2,301.43 1 1
stocksub/pkg/testkit/config/config.go:301.43,303.3 1 0
stocksub/pkg/testkit/config/config.go:304.2,304.29 1 1
stocksub/pkg/testkit/config/config.go:304.29,306.3 1 0
stocksub/pkg/testkit/config/config.go:307.2,307.34 1 1
stocksub/pkg/testkit/config/config.go:307.34,309.3 1 0
stocksub/pkg/testkit/config/config.go:310.2,310.33 1 1
stocksub/pkg/testkit/config/config.go:310.33,312.3 1 0
stocksub/pkg/testkit/config/config.go:315.2,315.36 1 1
stocksub/pkg/testkit/config/config.go:315.36,317.3 1 0
stocksub/pkg/testkit/config/config.go:318.2,318.34 1 1
stocksub/pkg/testkit/config/config.go:318.34,320.3 1 0
stocksub/pkg/testkit/config/config.go:321.2,321.36 1 1
stocksub/pkg/testkit/config/config.go:321.36,323.3 1 0
stocksub/pkg/testkit/config/config.go:326.2,326.39 1 1
stocksub/pkg/testkit/config/config.go:326.39,328.3 1 1
stocksub/pkg/testkit/config/config.go:329.2,329.41 1 1
stocksub/pkg/testkit/config/config.go:329.41,331.3 1 0
stocksub/pkg/testkit/config/config.go:332.2,332.41 1 1
stocksub/pkg/testkit/config/config.go:332.41,334.3 1 0
stocksub/pkg/testkit/config/config.go:337.2,337.50 1 1
stocksub/pkg/testkit/config/config.go:337.50,339.3 1 1
stocksub/pkg/testkit/config/config.go:340.2,340.41 1 1
stocksub/pkg/testkit/config/config.go:340.41,342.3 1 0
stocksub/pkg/testkit/config/config.go:344.2,344.12 1 1
stocksub/pkg/testkit/config/config.go:348.40,351.2 2 1
stocksub/pkg/testkit/config/config.go:353.38,356.2 2 1
stocksub/pkg/testkit/config/config.go:358.48,361.2 2 1
stocksub/pkg/testkit/config/config.go:363.41,366.2 2 1
stocksub/pkg/testkit/config/config.go:368.41,371.2 2 1
stocksub/pkg/testkit/config/config.go:373.43,376.2 2 1
stocksub/pkg/testkit/config/config.go:378.43,381.2 2 1
stocksub/pkg/testkit/config/config.go:384.31,386.65 1 1
stocksub/pkg/testkit/config/config.go:386.65,388.3 1 1
stocksub/pkg/testkit/config/config.go:390.2,390.84 1 0
stocksub/pkg/testkit/config/config.go:390.84,392.3 1 0
stocksub/pkg/testkit/config/config.go:394.2,394.73 1 0
stocksub/pkg/testkit/config/config.go:394.73,396.3 1 0
stocksub/pkg/testkit/config/config.go:397.2,397.14 1 0
stocksub/pkg/testkit/config/config.go:401.44,402.25 1 1
stocksub/pkg/testkit/config/config.go:402.25,405.3 1 1
stocksub/pkg/testkit/config/config.go:408.2,419.15 9 0
stocksub/pkg/testkit/config/config.go:423.46,424.29 1 0
stocksub/pkg/testkit/config/config.go:424.29,425.32 1 0
stocksub/pkg/testkit/config/config.go:425.32,427.4 1 0
stocksub/pkg/testkit/config/config.go:429.2,429.14 1 0
stocksub/pkg/testkit/config/config.go:434.47,438.18 2 1
stocksub/pkg/testkit/config/config.go:438.18,440.3 1 0
stocksub/pkg/testkit/config/config.go:443.2,443.30 1 1
stocksub/pkg/testkit/config/config.go:443.30,445.3 1 1
stocksub/pkg/testkit/config/config.go:446.2,446.35 1 1
stocksub/pkg/testkit/config/config.go:446.35,448.3 1 1
stocksub/pkg/testkit/config/config.go:451.2,451.29 1 1
stocksub/pkg/testkit/config/config.go:451.29,453.3 1 1
stocksub/pkg/testkit/config/config.go:454.2,454.25 1 1
stocksub/pkg/testkit/config/config.go:454.25,456.3 1 1
stocksub/pkg/testkit/config/config.go:460.2,460.16 1 1
stocksub/pkg/testkit/config/config.go:464.34,472.39 5 1
stocksub/pkg/testkit/config/config.go:472.39,474.3 1 0
stocksub/pkg/testkit/config/config.go:476.2,477.37 2 1
stocksub/pkg/testkit/config/config.go:477.37,479.3 1 0
stocksub/pkg/testkit/config/config.go:481.2,481.15 1 1
stocksub/pkg/testkit/config/config.go:498.43,509.2 1 1
stocksub/pkg/testkit/config/config.go:512.41,516.25 2 1
stocksub/pkg/testkit/config/config.go:516.25,518.3 1 1
stocksub/pkg/testkit/config/config.go:519.2,519.24 1 1
stocksub/pkg/testkit/config/config.go:519.24,521.3 1 1
stocksub/pkg/testkit/config/config.go:522.2,522.23 1 1
stocksub/pkg/testkit/config/config.go:522.23,524.3 1 1
stocksub/pkg/testkit/config/config.go:525.2,525.21 1 1
stocksub/pkg/testkit/config/config.go:525.21,527.3 1 1
stocksub/pkg/testkit/config/config.go:528.2,528.20 1 1
stocksub/pkg/testkit/config/config.go:528.20,530.3 1 1
stocksub/pkg/testkit/config/config.go:531.2,531.26 1 1
stocksub/pkg/testkit/config/config.go:531.26,533.3 1 1
stocksub/pkg/testkit/config/config.go:534.2,535.22 2 1
stocksub/pkg/testkit/config/config.go:535.22,537.3 1 1
stocksub/pkg/testkit/config/config.go:539.2,539.13 1 1
stocksub/pkg/testkit/config/config.go:543.42,554.2 1 1
stocksub/pkg/logger/logger.go:22.26,27.16 3 0
stocksub/pkg/logger/logger.go:27.16,29.3 1 0
stocksub/pkg/logger/logger.go:30.2,33.29 2 0
stocksub/pkg/logger/logger.go:33.29,37.3 1 0
stocksub/pkg/logger/logger.go:37.8,43.3 1 0
stocksub/pkg/logger/logger.go:45.2,45.29 1 0
stocksub/pkg/logger/logger.go:49.20,51.17 2 0
stocksub/pkg/logger/logger.go:51.17,52.32 1 0
stocksub/pkg/logger/logger.go:52.32,54.4 1 0
stocksub/pkg/logger/logger.go:54.9,56.4 1 0
stocksub/pkg/logger/logger.go:59.2,60.18 2 0
stocksub/pkg/logger/logger.go:60.18,62.3 1 0
stocksub/pkg/logger/logger.go:64.2,67.4 1 0
stocksub/pkg/logger/logger.go:71.33,72.19 1 0
stocksub/pkg/logger/logger.go:72.19,74.3 1 0
stocksub/pkg/logger/logger.go:75.2,75.15 1 0
stocksub/pkg/logger/logger.go:79.52,81.2 1 0
stocksub/pkg/logger/logger.go:84.33,86.2 1 0
stocksub/pkg/logger/logger.go:89.49,91.2 1 0
stocksub/pkg/logger/logger.go:94.32,96.2 1 0
stocksub/pkg/logger/logger.go:99.48,101.2 1 0
stocksub/pkg/logger/logger.go:104.32,106.2 1 0
stocksub/pkg/logger/logger.go:109.48,111.2 1 0
stocksub/pkg/logger/logger.go:114.33,116.2 1 0
stocksub/pkg/logger/logger.go:119.49,121.2 1 0
stocksub/pkg/logger/logger.go:124.29,126.16 2 0
stocksub/pkg/logger/logger.go:126.16,128.3 1 0
stocksub/pkg/logger/logger.go:129.2,129.25 1 0
stocksub/pkg/testkit/cache/disk.go:48.63,49.26 1 1
stocksub/pkg/testkit/cache/disk.go:49.26,51.3 1 0
stocksub/pkg/testkit/cache/disk.go:52.2,52.29 1 1
stocksub/pkg/testkit/cache/disk.go:52.29,54.3 1 0
stocksub/pkg/testkit/cache/disk.go:56.2,57.52 2 1
stocksub/pkg/testkit/cache/disk.go:57.52,59.3 1 0
stocksub/pkg/testkit/cache/disk.go:61.2,73.32 2 1
stocksub/pkg/testkit/cache/disk.go:73.32,75.3 1 1
stocksub/pkg/testkit/cache/disk.go:78.2,78.42 1 1
stocksub/pkg/testkit/cache/disk.go:78.42,80.3 1 1
stocksub/pkg/testkit/cache/disk.go:82.2,82.16 1 1
stocksub/pkg/testkit/cache/disk.go:86.80,88.15 2 1
stocksub/pkg/testkit/cache/disk.go:88.15,91.3 2 1
stocksub/pkg/testkit/cache/disk.go:92.2,95.13 3 1
stocksub/pkg/testkit/cache/disk.go:95.13,98.3 2 1
stocksub/pkg/testkit/cache/disk.go:101.2,101.40 1 1
stocksub/pkg/testkit/cache/disk.go:101.40,111.3 7 1
stocksub/pkg/testkit/cache/disk.go:114.2,115.16 2 1
stocksub/pkg/testkit/cache/disk.go:115.16,118.3 2 0
stocksub/pkg/testkit/cache/disk.go:121.2,128.18 7 1
stocksub/pkg/testkit/cache/disk.go:132.103,136.15 3 1
stocksub/pkg/testkit/cache/disk.go:136.15,138.3 1 0
stocksub/pkg/testkit/cache/disk.go:140.2,140.14 1 1
stocksub/pkg/testkit/cache/disk.go:140.14,142.3 1 1
stocksub/pkg/testkit/cache/disk.go:144.2,148.16 3 1
stocksub/pkg/testkit/cache/disk.go:148.16,150.3 1 0
stocksub/pkg/testkit/cache/disk.go:153.2,157.60 3 1
stocksub/pkg/testkit/cache/disk.go:157.60,159.3 1 0
stocksub/pkg/testkit/cache/disk.go:162.2,162.74 1 1
stocksub/pkg/testkit/cache/disk.go:162.74,166.32 3 1
stocksub/pkg/testkit/cache/disk.go:166.32,167.62 1 1
stocksub/pkg/testkit/cache/disk.go:167.62,170.5 2 1
stocksub/pkg/testkit/cache/disk.go:172.3,172.22 1 1
stocksub/pkg/testkit/cache/disk.go:172.22,178.4 4 1
stocksub/pkg/testkit/cache/disk.go:182.2,193.12 3 1
stocksub/pkg/testkit/cache/disk.go:197.68,199.15 2 1
stocksub/pkg/testkit/cache/disk.go:199.15,202.3 2 0
stocksub/pkg/testkit/cache/disk.go:203.2,204.12 2 1
stocksub/pkg/testkit/cache/disk.go:204.12,207.3 2 1
stocksub/pkg/testkit/cache/disk.go:208.2,210.12 2 1
stocksub/pkg/testkit/cache/disk.go:210.12,213.3 1 1
stocksub/pkg/testkit/cache/disk.go:215.2,215.12 1 1
stocksub/pkg/testkit/cache/disk.go:219.55,221.15 2 1
stocksub/pkg/testkit/cache/disk.go:221.15,224.3 2 0
stocksub/pkg/testkit/cache/disk.go:225.2,226.35 2 1
stocksub/pkg/testkit/cache/disk.go:226.35,228.3 1 1
stocksub/pkg/testkit/cache/disk.go:229.2,236.12 6 1
stocksub/pkg/testkit/cache/disk.go:236.12,237.33 1 1
stocksub/pkg/testkit/cache/disk.go:237.33,239.4 1 1
stocksub/pkg/testkit/cache/disk.go:242.2,242.12 1 1
stocksub/pkg/testkit/cache/disk.go:246.46,255.15 6 1
stocksub/pkg/testkit/cache/disk.go:255.15,257.3 1 1
stocksub/pkg/testkit/cache/disk.go:259.2,259.14 1 1
stocksub/pkg/testkit/cache/disk.go:263.36,265.15 2 1
stocksub/pkg/testkit/cache/disk.go:265.15,268.3 2 1
stocksub/pkg/testkit/cache/disk.go:269.2,276.42 4 1
stocksub/pkg/testkit/cache/disk.go:276.42,278.3 1 0
stocksub/pkg/testkit/cache/disk.go:280.2,280.12 1 1
stocksub/pkg/testkit/cache/disk.go:284.73,286.16 2 1
stocksub/pkg/testkit/cache/disk.go:286.16,288.3 1 0
stocksub/pkg/testkit/cache/disk.go:290.2,291.53 2 1
stocksub/pkg/testkit/cache/disk.go:291.53,293.3 1 0
stocksub/pkg/testkit/cache/disk.go:295.2,295.19 1 1
stocksub/pkg/testkit/cache/disk.go:299.70,302.59 2 1
stocksub/pkg/testkit/cache/disk.go:302.59,304.3 1 0
stocksub/pkg/testkit/cache/disk.go:306.2,306.54 1 1
stocksub/pkg/testkit/cache/disk.go:306.54,308.3 1 0
stocksub/pkg/testkit/cache/disk.go:310.2,310.12 1 1
stocksub/pkg/testkit/cache/disk.go:314.43,316.57 2 1
stocksub/pkg/testkit/cache/disk.go:316.57,318.3 1 1
stocksub/pkg/testkit/cache/disk.go:320.2,321.16 2 1
stocksub/pkg/testkit/cache/disk.go:321.16,323.3 1 0
stocksub/pkg/testkit/cache/disk.go:325.2,326.55 2 1
stocksub/pkg/testkit/cache/disk.go:326.55,328.3 1 1
stocksub/pkg/testkit/cache/disk.go:331.2,333.34 3 1
stocksub/pkg/testkit/cache/disk.go:333.34,334.35 1 1
stocksub/pkg/testkit/cache/disk.go:334.35,336.4 1 1
stocksub/pkg/testkit/cache/disk.go:336.9,339.4 1 1
stocksub/pkg/testkit/cache/disk.go:342.2,347.12 5 1
stocksub/pkg/testkit/cache/disk.go:351.43,357.16 5 1
stocksub/pkg/testkit/cache/disk.go:357.16,359.3 1 0
stocksub/pkg/testkit/cache/disk.go:361.2,364.59 3 1
stocksub/pkg/testkit/cache/disk.go:364.59,366.3 1 0
stocksub/pkg/testkit/cache/disk.go:368.2,368.58 1 1
stocksub/pkg/testkit/cache/disk.go:368.58,370.3 1 0
stocksub/pkg/testkit/cache/disk.go:372.2,372.12 1 1
stocksub/pkg/testkit/cache/disk.go:376.38,380.6 3 1
stocksub/pkg/testkit/cache/disk.go:380.6,381.10 1 1
stocksub/pkg/testkit/cache/disk.go:382.19,383.23 1 1
stocksub/pkg/testkit/cache/disk.go:384.23,385.10 1 1
stocksub/pkg/testkit/cache/disk.go:391.39,399.37 6 1
stocksub/pkg/testkit/cache/disk.go:399.37,400.34 1 1
stocksub/pkg/testkit/cache/disk.go:400.34,403.4 2 1
stocksub/pkg/testkit/cache/disk.go:406.2,406.34 1 1
stocksub/pkg/testkit/cache/disk.go:406.34,409.3 2 1
stocksub/pkg/testkit/cache/disk.go:412.2,412.27 1 1
stocksub/pkg/testkit/cache/disk.go:412.27,413.27 1 1
stocksub/pkg/testkit/cache/disk.go:413.27,414.31 1 1
stocksub/pkg/testkit/cache/disk.go:414.31,416.5 1 1
stocksub/pkg/testkit/cache/disk.go:420.2,420.28 1 1
stocksub/pkg/testkit/cache/layered.go:82.72,84.2 1 1
stocksub/pkg/testkit/cache/layered.go:87.129,92.50 3 1
stocksub/pkg/testkit/cache/layered.go:92.50,94.3 1 1
stocksub/pkg/testkit/cache/layered.go:97.2,99.44 2 1
stocksub/pkg/testkit/cache/layered.go:99.44,100.27 1 1
stocksub/pkg/testkit/cache/layered.go:100.27,101.12 1 0
stocksub/pkg/testkit/cache/layered.go:104.3,105.17 2 1
stocksub/pkg/testkit/cache/layered.go:105.17,107.4 1 1
stocksub/pkg/testkit/cache/layered.go:109.3,109.33 1 1
stocksub/pkg/testkit/cache/layered.go:112.2,112.22 1 1
stocksub/pkg/testkit/cache/layered.go:112.22,114.3 1 0
stocksub/pkg/testkit/cache/layered.go:116.2,127.27 2 1
stocksub/pkg/testkit/cache/layered.go:127.27,129.3 1 1
stocksub/pkg/testkit/cache/layered.go:131.2,131.16 1 1
stocksub/pkg/testkit/cache/layered.go:135.117,140.13 2 1
stocksub/pkg/testkit/cache/layered.go:140.13,142.3 1 1
stocksub/pkg/testkit/cache/layered.go:144.2,144.48 1 1
stocksub/pkg/testkit/cache/layered.go:148.69,149.50 1 1
stocksub/pkg/testkit/cache/layered.go:149.50,151.3 1 1
stocksub/pkg/testkit/cache/layered.go:152.2,152.48 1 1
stocksub/pkg/testkit/cache/layered.go:152.48,154.3 1 1
stocksub/pkg/testkit/cache/layered.go:155.2,155.50 1 1
stocksub/pkg/testkit/cache/layered.go:155.50,157.3 1 1
stocksub/pkg/testkit/cache/layered.go:161.83,163.15 2 1
stocksub/pkg/testkit/cache/layered.go:163.15,166.3 2 0
stocksub/pkg/testkit/cache/layered.go:167.2,169.34 2 1
stocksub/pkg/testkit/cache/layered.go:169.34,171.17 2 1
stocksub/pkg/testkit/cache/layered.go:171.17,173.41 1 1
stocksub/pkg/testkit/cache/layered.go:173.41,175.5 1 1
stocksub/pkg/testkit/cache/layered.go:176.4,177.21 2 1
stocksub/pkg/testkit/cache/layered.go:182.3,183.34 2 1
stocksub/pkg/testkit/cache/layered.go:183.34,184.44 1 1
stocksub/pkg/testkit/cache/layered.go:184.44,186.5 1 0
stocksub/pkg/testkit/cache/layered.go:187.9,190.4 1 0
stocksub/pkg/testkit/cache/layered.go:193.2,194.67 2 1
stocksub/pkg/testkit/cache/layered.go:198.56,199.49 1 1
stocksub/pkg/testkit/cache/layered.go:199.49,201.3 1 0
stocksub/pkg/testkit/cache/layered.go:204.2,204.45 1 1
stocksub/pkg/testkit/cache/layered.go:208.118,209.31 1 1
stocksub/pkg/testkit/cache/layered.go:209.31,211.3 1 0
stocksub/pkg/testkit/cache/layered.go:214.2,214.9 1 1
stocksub/pkg/testkit/cache/layered.go:221.4,222.45 1 1
stocksub/pkg/testkit/cache/layered.go:223.10,223.10 0 0
stocksub/pkg/testkit/cache/layered.go:229.41,230.34 1 1
stocksub/pkg/testkit/cache/layered.go:230.34,232.25 2 1
stocksub/pkg/testkit/cache/layered.go:232.25,234.4 1 0
stocksub/pkg/testkit/cache/layered.go:239.106,241.15 2 1
stocksub/pkg/testkit/cache/layered.go:241.15,244.3 2 0
stocksub/pkg/testkit/cache/layered.go:245.2,247.28 2 1
stocksub/pkg/testkit/cache/layered.go:247.28,250.35 2 1
stocksub/pkg/testkit/cache/layered.go:250.35,251.58 1 1
stocksub/pkg/testkit/cache/layered.go:251.58,254.5 2 1
stocksub/pkg/testkit/cache/layered.go:256.3,256.21 1 1
stocksub/pkg/testkit/cache/layered.go:256.21,258.4 1 1
stocksub/pkg/testkit/cache/layered.go:259.3,259.17 1 1
stocksub/pkg/testkit/cache/layered.go:260.8,262.25 1 0
stocksub/pkg/testkit/cache/layered.go:262.25,263.65 1 0
stocksub/pkg/testkit/cache/layered.go:263.65,265.5 1 0
stocksub/pkg/testkit/cache/layered.go:266.4,266.14 1 0
stocksub/pkg/testkit/cache/layered.go:268.3,268.48 1 0
stocksub/pkg/testkit/cache/layered.go:273.71,275.15 2 1
stocksub/pkg/testkit/cache/layered.go:275.15,278.3 2 0
stocksub/pkg/testkit/cache/layered.go:279.2,284.34 3 1
stocksub/pkg/testkit/cache/layered.go:284.34,285.48 1 1
stocksub/pkg/testkit/cache/layered.go:285.48,288.4 2 1
stocksub/pkg/testkit/cache/layered.go:291.2,291.16 1 1
stocksub/pkg/testkit/cache/layered.go:295.58,297.15 2 1
stocksub/pkg/testkit/cache/layered.go:297.15,300.3 2 0
stocksub/pkg/testkit/cache/layered.go:301.2,305.34 3 1
stocksub/pkg/testkit/cache/layered.go:305.34,306.42 1 1
stocksub/pkg/testkit/cache/layered.go:306.42,309.4 2 1
stocksub/pkg/testkit/cache/layered.go:313.2,317.16 2 1
stocksub/pkg/testkit/cache/layered.go:321.49,333.34 7 0
stocksub/pkg/testkit/cache/layered.go:333.34,339.3 4 0
stocksub/pkg/testkit/cache/layered.go:341.2,342.56 2 0
stocksub/pkg/testkit/cache/layered.go:342.56,344.3 1 0
stocksub/pkg/testkit/cache/layered.go:346.2,354.3 1 0
stocksub/pkg/testkit/cache/layered.go:358.113,360.38 1 1
stocksub/pkg/testkit/cache/layered.go:360.38,362.62 1 1
stocksub/pkg/testkit/cache/layered.go:362.62,364.12 1 0
stocksub/pkg/testkit/cache/layered.go:370.59,377.34 3 1
stocksub/pkg/testkit/cache/layered.go:377.34,379.3 1 1
stocksub/pkg/testkit/cache/layered.go:381.2,381.17 1 1
stocksub/pkg/testkit/cache/layered.go:385.39,389.15 3 0
stocksub/pkg/testkit/cache/layered.go:389.15,391.3 1 0
stocksub/pkg/testkit/cache/layered.go:393.2,396.27 2 0
stocksub/pkg/testkit/cache/layered.go:396.27,398.3 1 0
stocksub/pkg/testkit/cache/layered.go:400.2,400.34 1 0
stocksub/pkg/testkit/cache/layered.go:400.34,401.59 1 0
stocksub/pkg/testkit/cache/layered.go:401.59,402.41 1 0
stocksub/pkg/testkit/cache/layered.go:402.41,404.5 1 0
stocksub/pkg/testkit/cache/layered.go:408.2,409.16 2 0
stocksub/pkg/testkit/cache/layered.go:413.94,415.15 2 1
stocksub/pkg/testkit/cache/layered.go:415.15,418.3 2 0
stocksub/pkg/testkit/cache/layered.go:419.2,426.34 5 1
stocksub/pkg/testkit/cache/layered.go:426.34,427.30 1 1
stocksub/pkg/testkit/cache/layered.go:427.30,428.9 1 0
stocksub/pkg/testkit/cache/layered.go:432.3,432.54 1 1
stocksub/pkg/testkit/cache/layered.go:432.54,434.18 2 0
stocksub/pkg/testkit/cache/layered.go:434.18,436.5 1 0
stocksub/pkg/testkit/cache/layered.go:439.4,439.40 1 0
stocksub/pkg/testkit/cache/layered.go:439.40,445.42 3 0
stocksub/pkg/testkit/cache/layered.go:445.42,447.6 1 0
stocksub/pkg/testkit/cache/layered.go:449.9,451.38 1 1
stocksub/pkg/testkit/cache/layered.go:451.38,453.19 2 1
stocksub/pkg/testkit/cache/layered.go:453.19,459.43 3 1
stocksub/pkg/testkit/cache/layered.go:459.43,461.7 1 1
stocksub/pkg/testkit/cache/layered.go:462.11,465.78 2 1
stocksub/pkg/testkit/cache/layered.go:465.78,467.7 1 1
stocksub/pkg/testkit/cache/layered.go:474.2,477.20 3 1
stocksub/pkg/testkit/cache/layered.go:481.102,483.15 2 0
stocksub/pkg/testkit/cache/layered.go:483.15,486.3 2 0
stocksub/pkg/testkit/cache/layered.go:487.2,489.28 2 0
stocksub/pkg/testkit/cache/layered.go:489.28,492.35 2 0
stocksub/pkg/testkit/cache/layered.go:492.35,493.55 1 0
stocksub/pkg/testkit/cache/layered.go:493.55,494.65 1 0
stocksub/pkg/testkit/cache/layered.go:494.65,497.6 2 0
stocksub/pkg/testkit/cache/layered.go:498.10,500.35 1 0
stocksub/pkg/testkit/cache/layered.go:500.35,501.60 1 0
stocksub/pkg/testkit/cache/layered.go:501.60,504.7 2 0
stocksub/pkg/testkit/cache/layered.go:508.3,508.21 1 0
stocksub/pkg/testkit/cache/layered.go:508.21,510.4 1 0
stocksub/pkg/testkit/cache/layered.go:511.3,511.17 1 0
stocksub/pkg/testkit/cache/layered.go:512.8,514.25 1 0
stocksub/pkg/testkit/cache/layered.go:514.25,516.55 2 0
stocksub/pkg/testkit/cache/layered.go:516.55,517.65 1 0
stocksub/pkg/testkit/cache/layered.go:517.65,519.6 1 0
stocksub/pkg/testkit/cache/layered.go:520.10,522.35 1 0
stocksub/pkg/testkit/cache/layered.go:522.35,523.60 1 0
stocksub/pkg/testkit/cache/layered.go:523.60,525.7 1 0
stocksub/pkg/testkit/cache/layered.go:528.4,528.14 1 0
stocksub/pkg/testkit/cache/layered.go:530.3,530.48 1 0
stocksub/pkg/testkit/cache/layered.go:535.60,537.27 2 1
stocksub/pkg/testkit/cache/layered.go:537.27,538.25 1 1
stocksub/pkg/testkit/cache/layered.go:538.25,540.4 1 1
stocksub/pkg/testkit/cache/layered.go:542.2,542.15 1 1
stocksub/pkg/testkit/cache/layered.go:546.86,548.15 2 1
stocksub/pkg/testkit/cache/layered.go:548.15,551.3 2 0
stocksub/pkg/testkit/cache/layered.go:552.2,554.31 2 1
stocksub/pkg/testkit/cache/layered.go:554.31,555.52 1 1
stocksub/pkg/testkit/cache/layered.go:555.52,557.4 1 0
stocksub/pkg/testkit/cache/layered.go:559.2,559.12 1 1
stocksub/pkg/testkit/cache/layered.go:563.58,565.15 2 0
stocksub/pkg/testkit/cache/layered.go:565.15,568.3 2 0
stocksub/pkg/testkit/cache/layered.go:569.2,571.26 2 0
stocksub/pkg/testkit/cache/layered.go:571.26,573.3 1 0
stocksub/pkg/testkit/cache/layered.go:577.2,578.12 2 0
stocksub/pkg/testkit/cache/layered.go:582.53,606.2 1 1
stocksub/pkg/testkit/cache/layered.go:614.52,616.2 1 0
stocksub/pkg/testkit/cache/layered.go:618.98,625.25 2 1
stocksub/pkg/testkit/cache/layered.go:625.25,632.3 2 0
stocksub/pkg/testkit/cache/layered.go:634.2,634.39 1 1
stocksub/pkg/testkit/cache/layered.go:639.50,641.2 1 0
stocksub/pkg/testkit/cache/layered.go:643.96,646.19 2 0
stocksub/pkg/testkit/cache/layered.go:646.19,648.3 1 0
stocksub/pkg/testkit/cache/layered.go:650.2,657.33 2 0
stocksub/pkg/testkit/cache/layered.go:662.52,664.2 1 0
stocksub/pkg/testkit/cache/layered.go:666.98,679.2 2 0
stocksub/pkg/testkit/cache/memory.go:28.60,38.32 2 1
stocksub/pkg/testkit/cache/memory.go:38.32,41.3 2 1
stocksub/pkg/testkit/cache/memory.go:43.2,43.14 1 1
stocksub/pkg/testkit/cache/memory.go:54.82,59.13 4 1
stocksub/pkg/testkit/cache/memory.go:59.13,62.3 2 1
stocksub/pkg/testkit/cache/memory.go:65.2,65.41 1 1
stocksub/pkg/testkit/cache/memory.go:65.41,71.3 5 0
stocksub/pkg/testkit/cache/memory.go:74.2,78.25 4 1
stocksub/pkg/testkit/cache/memory.go:82.105,83.14 1 1
stocksub/pkg/testkit/cache/memory.go:83.14,85.3 1 1
stocksub/pkg/testkit/cache/memory.go:87.2,101.42 5 1
stocksub/pkg/testkit/cache/memory.go:101.42,103.3 1 1
stocksub/pkg/testkit/cache/memory.go:105.2,106.12 2 1
stocksub/pkg/testkit/cache/memory.go:110.70,116.2 4 1
stocksub/pkg/testkit/cache/memory.go:119.57,127.2 6 1
stocksub/pkg/testkit/cache/memory.go:130.48,139.46 7 1
stocksub/pkg/testkit/cache/memory.go:139.46,141.3 1 1
stocksub/pkg/testkit/cache/memory.go:143.2,151.3 1 1
stocksub/pkg/testkit/cache/memory.go:155.38,156.29 1 1
stocksub/pkg/testkit/cache/memory.go:156.29,158.3 1 1
stocksub/pkg/testkit/cache/memory.go:159.2,160.12 2 1
stocksub/pkg/testkit/cache/memory.go:164.39,165.6 1 1
stocksub/pkg/testkit/cache/memory.go:165.6,166.10 1 1
stocksub/pkg/testkit/cache/memory.go:167.29,168.16 1 1
stocksub/pkg/testkit/cache/memory.go:169.25,170.10 1 1
stocksub/pkg/testkit/cache/memory.go:176.34,181.37 4 1
stocksub/pkg/testkit/cache/memory.go:181.37,182.35 1 1
stocksub/pkg/testkit/cache/memory.go:182.35,184.4 1 1
stocksub/pkg/testkit/cache/memory.go:186.2,188.26 2 1
stocksub/pkg/testkit/cache/memory.go:188.26,190.35 2 1
stocksub/pkg/testkit/cache/memory.go:190.35,192.4 1 1
stocksub/pkg/testkit/cache/memory.go:193.3,194.17 2 1
stocksub/pkg/testkit/cache/memory.go:199.38,203.37 3 1
stocksub/pkg/testkit/cache/memory.go:203.37,204.61 1 1
stocksub/pkg/testkit/cache/memory.go:204.61,207.4 2 1
stocksub/pkg/testkit/cache/memory.go:210.2,210.21 1 1
stocksub/pkg/testkit/cache/memory.go:210.21,212.3 1 1
stocksub/pkg/testkit/cache/memory.go:216.44,218.27 1 1
stocksub/pkg/testkit/cache/memory.go:219.14,220.23 1 1
stocksub/pkg/testkit/cache/memory.go:221.14,222.23 1 1
stocksub/pkg/testkit/cache/memory.go:223.10,224.12 1 1
stocksub/pkg/testkit/cache/policy.go:30.62,31.20 1 1
stocksub/pkg/testkit/cache/policy.go:32.17,33.24 1 1
stocksub/pkg/testkit/cache/policy.go:34.17,35.24 1 1
stocksub/pkg/testkit/cache/policy.go:36.18,37.25 1 1
stocksub/pkg/testkit/cache/policy.go:38.10,39.24 1 0
stocksub/pkg/testkit/cache/policy.go:57.32,62.2 1 1
stocksub/pkg/testkit/cache/policy.go:65.81,69.23 3 1
stocksub/pkg/testkit/cache/policy.go:69.23,71.3 1 0
stocksub/pkg/testkit/cache/policy.go:73.2,76.34 3 1
stocksub/pkg/testkit/cache/policy.go:76.34,77.61 1 1
stocksub/pkg/testkit/cache/policy.go:77.61,80.4 2 1
stocksub/pkg/testkit/cache/policy.go:83.2,83.21 1 1
stocksub/pkg/testkit/cache/policy.go:83.21,85.3 1 1
stocksub/pkg/testkit/cache/policy.go:87.2,87.12 1 0
stocksub/pkg/testkit/cache/policy.go:91.68,95.47 3 1
stocksub/pkg/testkit/cache/policy.go:95.47,98.3 2 1
stocksub/pkg/testkit/cache/policy.go:102.65,113.2 5 1
stocksub/pkg/testkit/cache/policy.go:116.68,120.47 3 1
stocksub/pkg/testkit/cache/policy.go:120.47,123.3 2 1
stocksub/pkg/testkit/cache/policy.go:133.32,137.2 1 1
stocksub/pkg/testkit/cache/policy.go:140.81,144.23 3 1
stocksub/pkg/testkit/cache/policy.go:144.23,146.3 1 0
stocksub/pkg/testkit/cache/policy.go:148.2,151.34 3 1
stocksub/pkg/testkit/cache/policy.go:151.34,153.38 2 1
stocksub/pkg/testkit/cache/policy.go:153.38,156.4 2 1
stocksub/pkg/testkit/cache/policy.go:159.2,159.20 1 1
stocksub/pkg/testkit/cache/policy.go:159.20,161.3 1 1
stocksub/pkg/testkit/cache/policy.go:163.2,163.12 1 0
stocksub/pkg/testkit/cache/policy.go:167.68,172.2 3 1
stocksub/pkg/testkit/cache/policy.go:175.65,180.2 3 1
stocksub/pkg/testkit/cache/policy.go:183.68,188.2 3 0
stocksub/pkg/testkit/cache/policy.go:204.34,209.2 1 1
stocksub/pkg/testkit/cache/policy.go:212.83,216.23 3 1
stocksub/pkg/testkit/cache/policy.go:216.23,218.3 1 0
stocksub/pkg/testkit/cache/policy.go:220.2,223.34 3 1
stocksub/pkg/testkit/cache/policy.go:223.34,224.61 1 1
stocksub/pkg/testkit/cache/policy.go:224.61,227.4 2 1
stocksub/pkg/testkit/cache/policy.go:230.2,230.21 1 1
stocksub/pkg/testkit/cache/policy.go:230.21,232.3 1 1
stocksub/pkg/testkit/cache/policy.go:234.2,234.12 1 0
stocksub/pkg/testkit/cache/policy.go:238.71,240.2 0 1
stocksub/pkg/testkit/cache/policy.go:243.67,254.2 5 1
stocksub/pkg/testkit/cache/policy.go:257.70,261.45 3 0
stocksub/pkg/testkit/cache/policy.go:261.45,264.3 2 0
stocksub/pkg/testkit/cache/policy.go:282.85,291.2 3 1
stocksub/pkg/testkit/cache/policy.go:294.104,295.14 1 1
stocksub/pkg/testkit/cache/policy.go:295.14,297.3 1 1
stocksub/pkg/testkit/cache/policy.go:299.2,313.42 5 1
stocksub/pkg/testkit/cache/policy.go:313.42,315.36 2 1
stocksub/pkg/testkit/cache/policy.go:315.36,316.61 1 1
stocksub/pkg/testkit/cache/policy.go:316.61,319.5 2 1
stocksub/pkg/testkit/cache/policy.go:324.2,329.12 3 1
stocksub/pkg/testkit/cache/policy.go:333.81,336.16 2 1
stocksub/pkg/testkit/cache/policy.go:336.16,338.47 2 1
stocksub/pkg/testkit/cache/policy.go:338.47,340.4 1 1
stocksub/pkg/testkit/cache/policy.go:341.3,341.18 1 1
stocksub/pkg/testkit/cache/policy.go:344.2,344.19 1 1
stocksub/pkg/testkit/cache/remote.go:52.68,60.2 1 1
stocksub/pkg/testkit/cache/remote.go:63.86,65.2 1 1
stocksub/pkg/testkit/cache/remote.go:68.109,70.2 1 1
stocksub/pkg/testkit/cache/remote.go:73.74,75.2 1 1
stocksub/pkg/testkit/cache/remote.go:78.61,80.2 1 1
stocksub/pkg/testkit/cache/remote.go:83.52,92.15 6 1
stocksub/pkg/testkit/cache/remote.go:92.15,94.3 1 1
stocksub/pkg/testkit/cache/remote.go:96.2,96.14 1 1
stocksub/pkg/testkit/cache/remote.go:100.47,104.2 3 1
stocksub/pkg/testkit/cache/remote.go:107.57,111.2 3 1
stocksub/pkg/testkit/cache/remote.go:114.50,118.9 3 1
stocksub/pkg/testkit/cache/remote.go:118.9,120.3 1 1
stocksub/pkg/testkit/cache/remote.go:120.8,122.3 1 1
stocksub/pkg/testkit/cache/remote.go:137.68,142.2 1 1
stocksub/pkg/testkit/cache/remote.go:145.62,148.2 2 1
stocksub/pkg/testkit/cache/remote.go:151.59,152.22 1 1
stocksub/pkg/testkit/cache/remote.go:152.22,154.3 1 1
stocksub/pkg/testkit/cache/remote.go:155.2,155.12 1 1
stocksub/pkg/testkit/cache/remote.go:159.85,164.13 4 1
stocksub/pkg/testkit/cache/remote.go:164.13,167.3 2 1
stocksub/pkg/testkit/cache/remote.go:170.2,170.40 1 1
stocksub/pkg/testkit/cache/remote.go:170.40,177.3 6 1
stocksub/pkg/testkit/cache/remote.go:179.2,180.25 2 1
stocksub/pkg/testkit/cache/remote.go:184.108,185.14 1 1
stocksub/pkg/testkit/cache/remote.go:185.14,187.3 1 1
stocksub/pkg/testkit/cache/remote.go:189.2,195.68 4 1
stocksub/pkg/testkit/cache/remote.go:195.68,199.28 3 1
stocksub/pkg/testkit/cache/remote.go:199.28,200.62 1 1
stocksub/pkg/testkit/cache/remote.go:200.62,203.5 2 1
stocksub/pkg/testkit/cache/remote.go:205.3,205.22 1 1
stocksub/pkg/testkit/cache/remote.go:205.22,208.4 2 1
stocksub/pkg/testkit/cache/remote.go:212.2,212.39 1 1
stocksub/pkg/testkit/cache/remote.go:212.39,214.3 1 1
stocksub/pkg/testkit/cache/remote.go:216.2,221.12 2 1
stocksub/pkg/testkit/cache/remote.go:225.73,229.38 3 1
stocksub/pkg/testkit/cache/remote.go:229.38,232.3 2 1
stocksub/pkg/testkit/cache/remote.go:234.2,234.12 1 1
stocksub/pkg/testkit/cache/remote.go:238.60,248.2 7 1
stocksub/pkg/testkit/cache/remote.go:251.89,265.2 4 1
stocksub/pkg/testkit/cache/remote.go:268.41,271.2 2 1
stocksub/pkg/testkit/core/errors.go:82.39,83.20 1 1
stocksub/pkg/testkit/core/errors.go:83.20,85.3 1 0
stocksub/pkg/testkit/core/errors.go:86.2,86.49 1 1
stocksub/pkg/testkit/core/errors.go:90.39,92.2 1 0
stocksub/pkg/testkit/core/errors.go:95.46,97.31 2 0
stocksub/pkg/testkit/core/errors.go:97.31,99.3 1 0
stocksub/pkg/testkit/core/errors.go:100.2,100.14 1 0
stocksub/pkg/testkit/core/errors.go:104.81,105.22 1 0
stocksub/pkg/testkit/core/errors.go:105.22,107.3 1 0
stocksub/pkg/testkit/core/errors.go:108.2,109.10 2 0
stocksub/pkg/testkit/core/errors.go:113.64,116.2 2 0
stocksub/pkg/testkit/core/errors.go:119.68,126.2 1 1
stocksub/pkg/testkit/core/errors.go:129.75,137.2 1 0
stocksub/pkg/testkit/core/errors.go:181.34,183.28 2 0
stocksub/pkg/testkit/core/errors.go:183.28,184.58 1 0
stocksub/pkg/testkit/core/errors.go:184.58,185.26 1 0
stocksub/pkg/testkit/core/errors.go:185.26,187.5 1 0
stocksub/pkg/testkit/core/errors.go:190.2,190.14 1 0
stocksub/pkg/testkit/core/errors.go:194.73,195.18 1 0
stocksub/pkg/testkit/core/errors.go:195.18,197.3 1 0
stocksub/pkg/testkit/core/errors.go:199.2,200.31 2 0
stocksub/pkg/testkit/core/errors.go:200.31,202.3 1 0
stocksub/pkg/testkit/core/errors.go:204.2,204.38 1 0
stocksub/pkg/testkit/core/errors.go:204.38,206.3 1 0
stocksub/pkg/testkit/core/errors.go:208.2,208.29 1 0
stocksub/pkg/logger/logger.go:22.26,27.16 3 0
stocksub/pkg/logger/logger.go:27.16,29.3 1 0
stocksub/pkg/logger/logger.go:30.2,33.29 2 0
stocksub/pkg/logger/logger.go:33.29,37.3 1 0
stocksub/pkg/logger/logger.go:37.8,43.3 1 0
stocksub/pkg/logger/logger.go:45.2,45.29 1 0
stocksub/pkg/logger/logger.go:49.20,51.17 2 0
stocksub/pkg/logger/logger.go:51.17,52.32 1 0
stocksub/pkg/logger/logger.go:52.32,54.4 1 0
[...]
stocksub/pkg/testkit/testkit.go:274.33,275.58 1 0
stocksub/pkg/testkit/testkit.go:275.58,277.4 1 0
stocksub/pkg/testkit/testkit.go:280.2,284.12 4 0
stocksub/pkg/testkit/testkit.go:288.71,304.2 4 0
stocksub/pkg/testkit/testkit.go:307.59,308.72 1 0
stocksub/pkg/testkit/testkit.go:308.72,310.3 1 0
stocksub/pkg/testkit/testkit.go:311.2,311.12 1 0
stocksub/pkg/testkit/testkit.go:314.33,316.2 1 0
stocksub/pkg/testkit/core/errors.go:82.39,83.20 1 0
stocksub/pkg/testkit/core/errors.go:83.20,85.3 1 0
stocksub/pkg/testkit/core/errors.go:86.2,86.49 1 0
stocksub/pkg/testkit/core/errors.go:90.39,92.2 1 0
stocksub/pkg/testkit/core/errors.go:95.46,97.31 2 0
stocksub/pkg/testkit/core/errors.go:97.31,99.3 1 0
stocksub/pkg/testkit/core/errors.go:100.2,100.14 1 0
stocksub/pkg/testkit/core/errors.go:104.81,105.22 1 0
stocksub/pkg/testkit/core/errors.go:105.22,107.3 1 0
stocksub/pkg/testkit/core/errors.go:108.2,109.10 2 0
stocksub/pkg/testkit/core/errors.go:113.64,116.2 2 0
stocksub/pkg/testkit/core/errors.go:119.68,126.2 1 1
stocksub/pkg/testkit/core/errors.go:129.75,137.2 1 0
stocksub/pkg/testkit/core/errors.go:181.34,183.28 2 0
stocksub/pkg/testkit/core/errors.go:183.28,184.58 1 0
stocksub/pkg/testkit/core/errors.go:184.58,185.26 1 0
stocksub/pkg/testkit/core/errors.go:185.26,187.5 1 0
stocksub/pkg/testkit/core/errors.go:190.2,190.14 1 0
stocksub/pkg/testkit/core/errors.go:194.73,195.18 1 0
stocksub/pkg/testkit/core/errors.go:195.18,197.3 1 0
stocksub/pkg/testkit/core/errors.go:199.2,200.31 2 0
stocksub/pkg/testkit/core/errors.go:200.31,202.3 1 0
stocksub/pkg/testkit/core/errors.go:204.2,204.38 1 0
stocksub/pkg/testkit/core/errors.go:204.38,206.3 1 0
stocksub/pkg/testkit/core/errors.go:208.2,208.29 1 0
stocksub/pkg/testkit/helpers/resource_manager.go:43.65,49.26 2 0
stocksub/pkg/testkit/helpers/resource_manager.go:49.26,51.3 1 0
stocksub/pkg/testkit/helpers/resource_manager.go:53.2,53.11 1 0
stocksub/pkg/testkit/helpers/resource_manager.go:57.40,60.27 1 0
stocksub/pkg/testkit/helpers/resource_manager.go:60.27,63.4 2 0
stocksub/pkg/testkit/helpers/resource_manager.go:67.2,68.27 1 0
stocksub/pkg/testkit/helpers/resource_manager.go:68.27,70.4 1 0
stocksub/pkg/testkit/helpers/resource_manager.go:74.2,75.27 1 0
stocksub/pkg/testkit/helpers/resource_manager.go:75.27,77.4 1 0
stocksub/pkg/testkit/helpers/resource_manager.go:82.59,85.57 2 0
stocksub/pkg/testkit/helpers/resource_manager.go:85.57,88.3 2 0
stocksub/pkg/testkit/helpers/resource_manager.go:90.2,91.15 2 0
stocksub/pkg/testkit/helpers/resource_manager.go:95.65,98.28 2 0
stocksub/pkg/testkit/helpers/resource_manager.go:99.19,100.58 1 0
stocksub/pkg/testkit/helpers/resource_manager.go:100.58,103.4 2 0
stocksub/pkg/testkit/helpers/resource_manager.go:105.3,106.26 2 0
stocksub/pkg/testkit/helpers/resource_manager.go:111.56,113.2 1 0
stocksub/pkg/testkit/helpers/resource_manager.go:116.64,119.54 2 0
stocksub/pkg/testkit/helpers/resource_manager.go:119.54,121.3 1 0
stocksub/pkg/testkit/helpers/resource_manager.go:123.2,125.15 3 0
stocksub/pkg/testkit/helpers/resource_manager.go:129.62,132.54 2 0
stocksub/pkg/testkit/helpers/resource_manager.go:132.54,133.42 1 0
stocksub/pkg/testkit/helpers/resource_manager.go:133.42,135.4 1 0
stocksub/pkg/testkit/helpers/resource_manager.go:136.3,136.9 1 0
stocksub/pkg/testkit/helpers/resource_manager.go:139.2,139.41 1 0
stocksub/pkg/testkit/helpers/resource_manager.go:139.41,142.3 2 0
stocksub/pkg/testkit/helpers/resource_manager.go:146.55,151.2 3 0
stocksub/pkg/testkit/helpers/resource_manager.go:154.38,158.37 3 0
stocksub/pkg/testkit/helpers/resource_manager.go:158.37,159.16 1 0
stocksub/pkg/testkit/helpers/resource_manager.go:159.16,161.4 1 0
stocksub/pkg/testkit/helpers/resource_manager.go:164.2,164.39 1 0
stocksub/pkg/testkit/helpers/resource_manager.go:168.53,177.2 1 0
stocksub/pkg/testkit/helpers/resource_manager.go:190.42,193.2 2 0
stocksub/pkg/testkit/helpers/resource_manager.go:206.85,213.56 4 0
stocksub/pkg/testkit/helpers/resource_manager.go:213.56,226.34 4 0
stocksub/pkg/testkit/helpers/resource_manager.go:226.34,228.4 1 0
stocksub/pkg/testkit/helpers/resource_manager.go:230.3,230.17 1 0
stocksub/pkg/testkit/helpers/resource_manager.go:234.2,244.33 3 0
stocksub/pkg/testkit/helpers/resource_manager.go:244.33,246.3 1 0
stocksub/pkg/testkit/helpers/resource_manager.go:248.2,248.16 1 0
stocksub/pkg/testkit/helpers/resource_manager.go:252.58,256.15 3 0
stocksub/pkg/testkit/helpers/resource_manager.go:256.15,258.3 1 0
stocksub/pkg/testkit/helpers/resource_manager.go:260.2,260.32 1 0
stocksub/pkg/testkit/helpers/resource_manager.go:264.64,268.15 3 0
stocksub/pkg/testkit/helpers/resource_manager.go:268.15,270.3 1 0
stocksub/pkg/testkit/helpers/resource_manager.go:272.2,272.36 1 0
stocksub/pkg/testkit/helpers/resource_manager.go:276.43,280.15 3 0
stocksub/pkg/testkit/helpers/resource_manager.go:280.15,282.3 1 0
stocksub/pkg/testkit/helpers/resource_manager.go:284.2,285.26 2 0
stocksub/pkg/testkit/helpers/resource_manager.go:289.43,293.15 3 0
stocksub/pkg/testkit/helpers/resource_manager.go:293.15,295.3 1 0
stocksub/pkg/testkit/helpers/resource_manager.go:298.2,306.20 5 0
stocksub/pkg/testkit/helpers/resource_manager.go:306.20,308.3 1 0
stocksub/pkg/testkit/helpers/resource_manager.go:310.2,311.12 2 0
stocksub/pkg/testkit/helpers/resource_manager.go:315.43,320.2 3 0
stocksub/pkg/testkit/helpers/resource_manager.go:323.45,330.2 1 0
stocksub/pkg/testkit/helpers/resource_manager.go:340.60,345.2 1 0
stocksub/pkg/testkit/helpers/resource_manager.go:348.96,353.52 3 0
stocksub/pkg/testkit/helpers/resource_manager.go:353.52,355.3 1 0
stocksub/pkg/testkit/helpers/resource_manager.go:358.2,359.16 2 0
stocksub/pkg/testkit/helpers/resource_manager.go:359.16,361.3 1 0
stocksub/pkg/testkit/helpers/resource_manager.go:363.2,366.36 2 0
stocksub/pkg/testkit/helpers/resource_manager.go:366.36,368.3 1 0
stocksub/pkg/testkit/helpers/resource_manager.go:370.2,370.18 1 0
stocksub/pkg/testkit/helpers/resource_manager.go:374.51,375.52 1 0
stocksub/pkg/testkit/helpers/resource_manager.go:375.52,378.3 2 0
stocksub/pkg/testkit/helpers/resource_manager.go:382.41,387.43 4 0
stocksub/pkg/testkit/helpers/resource_manager.go:387.43,388.38 1 0
stocksub/pkg/testkit/helpers/resource_manager.go:388.38,390.4 1 0
stocksub/pkg/testkit/helpers/resource_manager.go:391.3,391.33 1 0
stocksub/pkg/testkit/helpers/resource_manager.go:394.2,394.16 1 0
stocksub/pkg/timing/market_time.go:15.45,17.2 1 1
stocksub/pkg/timing/market_time.go:25.57,29.2 1 1
stocksub/pkg/timing/market_time.go:32.38,34.2 1 1
stocksub/pkg/timing/market_time.go:37.38,39.2 1 0
stocksub/pkg/timing/market_time.go:42.43,46.26 2 1
stocksub/pkg/timing/market_time.go:46.26,48.3 1 1
stocksub/pkg/timing/market_time.go:52.2,61.65 6 1
stocksub/pkg/timing/market_time.go:65.53,68.2 2 1
stocksub/pkg/timing/market_time.go:71.57,76.26 3 1
stocksub/pkg/timing/market_time.go:76.26,78.24 2 1
stocksub/pkg/timing/market_time.go:79.22,80.21 1 1
stocksub/pkg/timing/market_time.go:81.20,82.21 1 1
stocksub/pkg/timing/market_time.go:83.11,84.21 1 0
stocksub/pkg/timing/market_time.go:86.3,86.51 1 1
stocksub/pkg/timing/market_time.go:90.2,91.30 2 1
stocksub/pkg/timing/market_time.go:91.30,93.35 1 1
stocksub/pkg/timing/market_time.go:93.35,95.4 1 1
stocksub/pkg/timing/market_time.go:96.3,96.39 1 1
stocksub/pkg/timing/market_time.go:99.2,99.21 1 1
stocksub/pkg/timing/market_time.go:103.52,106.2 2 1
stocksub/pkg/timing/market_time.go:109.42,115.2 3 1
stocksub/pkg/timing/market_time.go:118.47,122.26 2 1
stocksub/pkg/timing/market_time.go:122.26,124.3 1 1
stocksub/pkg/timing/market_time.go:126.2,128.34 2 1
stocksub/pkg/timing/market_time.go:132.71,136.2 3 0
stocksub/pkg/logger/logger.go:22.26,27.16 3 0
stocksub/pkg/logger/logger.go:27.16,29.3 1 0
stocksub/pkg/logger/logger.go:30.2,33.29 2 0
stocksub/pkg/logger/logger.go:33.29,37.3 1 0
stocksub/pkg/logger/logger.go:37.8,43.3 1 0
stocksub/pkg/logger/logger.go:45.2,45.29 1 0
stocksub/pkg/logger/logger.go:49.20,51.17 2 0
stocksub/pkg/logger/logger.go:51.17,52.32 1 0
stocksub/pkg/logger/logger.go:52.32,54.4 1 0
stocksub/pkg/logger/logger.go:54.9,56.4 1 0
stocksub/pkg/logger/logger.go:59.2,60.18 2 0
stocksub/pkg/logger/logger.go:60.18,62.3 1 0
stocksub/pkg/logger/logger.go:64.2,67.4 1 0
stocksub/pkg/logger/logger.go:71.33,72.19 1 0
stocksub/pkg/logger/logger.go:72.19,74.3 1 0
stocksub/pkg/logger/logger.go:75.2,75.15 1 0
stocksub/pkg/logger/logger.go:79.52,81.2 1 0
stocksub/pkg/logger/logger.go:84.33,86.2 1 0
stocksub/pkg/logger/logger.go:89.49,91.2 1 0
stocksub/pkg/logger/logger.go:94.32,96.2 1 0
stocksub/pkg/logger/logger.go:99.48,101.2 1 0
stocksub/pkg/logger/logger.go:104.32,106.2 1 0
stocksub/pkg/logger/logger.go:109.48,111.2 1 0
stocksub/pkg/logger/logger.go:114.33,116.2 1 0
stocksub/pkg/logger/logger.go:119.49,121.2 1 0
stocksub/pkg/logger/logger.go:124.29,126.16 2 0
stocksub/pkg/logger/logger.go:126.16,128.3 1 0
stocksub/pkg/logger/logger.go:129.2,129.25 1 0
stocksub/pkg/testkit/core/errors.go:82.39,83.20 1 0
stocksub/pkg/testkit/core/errors.go:83.20,85.3 1 0
stocksub/pkg/testkit/core/errors.go:86.2,86.49 1 0
stocksub/pkg/testkit/core/errors.go:90.39,92.2 1 0
stocksub/pkg/testkit/core/errors.go:95.46,97.31 2 0
stocksub/pkg/testkit/core/errors.go:97.31,99.3 1 0
stocksub/pkg/testkit/core/errors.go:100.2,100.14 1 0
stocksub/pkg/testkit/core/errors.go:104.81,105.22 1 0
stocksub/pkg/testkit/core/errors.go:105.22,107.3 1 0
stocksub/pkg/testkit/core/errors.go:108.2,109.10 2 0
stocksub/pkg/testkit/core/errors.go:113.64,116.2 2 0
stocksub/pkg/testkit/core/errors.go:119.68,126.2 1 1
stocksub/pkg/testkit/core/errors.go:129.75,137.2 1 0
stocksub/pkg/testkit/core/errors.go:181.34,183.28 2 0
stocksub/pkg/testkit/core/errors.go:183.28,184.58 1 0
stocksub/pkg/testkit/core/errors.go:184.58,185.26 1 0
stocksub/pkg/testkit/core/errors.go:185.26,187.5 1 0
stocksub/pkg/testkit/core/errors.go:190.2,190.14 1 0
stocksub/pkg/testkit/core/errors.go:194.73,195.18 1 0
stocksub/pkg/testkit/core/errors.go:195.18,197.3 1 0
stocksub/pkg/testkit/core/errors.go:199.2,200.31 2 0
stocksub/pkg/testkit/core/errors.go:200.31,202.3 1 0
stocksub/pkg/testkit/core/errors.go:204.2,204.38 1 0
stocksub/pkg/testkit/core/errors.go:204.38,206.3 1 0
stocksub/pkg/testkit/core/errors.go:208.2,208.29 1 0
stocksub/pkg/testkit/providers/cached.go:47.115,60.2 3 1
stocksub/pkg/testkit/providers/cached.go:63.108,69.17 4 1
stocksub/pkg/testkit/providers/cached.go:69.17,72.3 2 1
stocksub/pkg/testkit/providers/cached.go:75.2,76.60 2 1
stocksub/pkg/testkit/providers/cached.go:76.60,80.3 3 1
stocksub/pkg/testkit/providers/cached.go:82.2,86.16 3 1
stocksub/pkg/testkit/providers/cached.go:86.16,90.35 2 0
stocksub/pkg/testkit/providers/cached.go:90.35,93.22 3 0
stocksub/pkg/testkit/providers/cached.go:93.22,96.5 2 0
stocksub/pkg/testkit/providers/cached.go:99.3,99.56 1 0
stocksub/pkg/testkit/providers/cached.go:103.2,103.78 1 1
stocksub/pkg/testkit/providers/cached.go:103.78,106.3 1 0
stocksub/pkg/testkit/providers/cached.go:108.2,111.18 3 1
stocksub/pkg/testkit/providers/cached.go:115.53,120.28 4 1
stocksub/pkg/testkit/providers/cached.go:120.28,122.3 1 1
stocksub/pkg/testkit/providers/cached.go:126.86,127.28 1 1
stocksub/pkg/testkit/providers/cached.go:127.28,129.3 1 1
stocksub/pkg/testkit/providers/cached.go:133.41,136.28 2 1
stocksub/pkg/testkit/providers/cached.go:136.28,137.49 1 1
stocksub/pkg/testkit/providers/cached.go:137.49,139.4 1 0
stocksub/pkg/testkit/providers/cached.go:142.2,142.28 1 1
stocksub/pkg/testkit/providers/cached.go:142.28,143.49 1 1
stocksub/pkg/testkit/providers/cached.go:143.49,145.4 1 0
stocksub/pkg/testkit/providers/cached.go:148.2,148.19 1 1
stocksub/pkg/testkit/providers/cached.go:148.19,150.3 1 0
stocksub/pkg/testkit/providers/cached.go:152.2,152.12 1 1
stocksub/pkg/testkit/providers/cached.go:156.58,161.2 3 1
stocksub/pkg/testkit/providers/cached.go:164.59,166.2 1 0
stocksub/pkg/testkit/providers/cached.go:169.120,172.63 2 1
stocksub/pkg/testkit/providers/cached.go:172.63,179.17 4 1
stocksub/pkg/testkit/providers/cached.go:179.17,181.4 1 1
stocksub/pkg/testkit/providers/cached.go:183.3,186.37 2 0
stocksub/pkg/testkit/providers/cached.go:186.37,188.4 1 0
stocksub/pkg/testkit/providers/cached.go:191.2,191.88 1 0
stocksub/pkg/testkit/providers/cached.go:195.69,198.33 2 1
stocksub/pkg/testkit/providers/cached.go:198.33,199.12 1 1
stocksub/pkg/testkit/providers/cached.go:199.12,201.4 1 0
stocksub/pkg/testkit/providers/cached.go:202.3,202.16 1 1
stocksub/pkg/testkit/providers/cached.go:204.2,204.12 1 1
stocksub/pkg/testkit/providers/cached.go:208.65,209.34 1 1
stocksub/pkg/testkit/providers/cached.go:209.34,211.3 1 1
stocksub/pkg/testkit/providers/cached.go:211.8,214.3 1 1
stocksub/pkg/testkit/providers/cached.go:224.117,229.23 3 0
stocksub/pkg/testkit/providers/cached.go:229.23,231.3 1 0
stocksub/pkg/testkit/providers/cached.go:234.2,234.43 1 0
stocksub/pkg/testkit/providers/cached.go:238.63,240.2 0 0
stocksub/pkg/testkit/providers/cached.go:243.96,245.2 0 0
stocksub/pkg/testkit/providers/cached.go:248.50,251.2 1 0
stocksub/pkg/testkit/providers/cached.go:259.60,263.2 1 0
stocksub/pkg/testkit/providers/cached.go:266.88,268.2 1 0
stocksub/pkg/testkit/providers/cached.go:271.94,273.2 1 0
stocksub/pkg/testkit/providers/cached.go:276.63,278.2 1 0
stocksub/pkg/testkit/providers/cached.go:288.60,293.2 1 0
stocksub/pkg/testkit/providers/cached.go:296.82,301.2 3 0
stocksub/pkg/testkit/providers/cached.go:304.75,310.2 4 0
stocksub/pkg/testkit/providers/cached.go:313.56,317.52 3 0
stocksub/pkg/testkit/providers/cached.go:317.52,320.3 2 0
stocksub/pkg/testkit/providers/cached.go:324.45,329.43 4 0
stocksub/pkg/testkit/providers/cached.go:329.43,330.42 1 0
stocksub/pkg/testkit/providers/cached.go:330.42,332.4 1 0
stocksub/pkg/testkit/providers/cached.go:335.2,337.19 2 0
stocksub/pkg/testkit/providers/cached.go:337.19,339.3 1 0
stocksub/pkg/testkit/providers/cached.go:341.2,341.12 1 0
stocksub/pkg/testkit/providers/cached.go:345.57,353.2 1 1
stocksub/pkg/testkit/providers/mock.go:71.63,81.28 2 1
stocksub/pkg/testkit/providers/mock.go:81.28,83.3 1 1
stocksub/pkg/testkit/providers/mock.go:86.2,88.11 2 1
stocksub/pkg/testkit/providers/mock.go:92.49,98.2 1 1
stocksub/pkg/testkit/providers/mock.go:101.39,103.2 1 0
stocksub/pkg/testkit/providers/mock.go:106.54,108.2 1 0
stocksub/pkg/testkit/providers/mock.go:111.63,114.2 1 0
stocksub/pkg/testkit/providers/mock.go:117.106,123.40 4 1
stocksub/pkg/testkit/providers/mock.go:123.40,126.3 2 0
stocksub/pkg/testkit/providers/mock.go:128.2,138.35 8 1
stocksub/pkg/testkit/providers/mock.go:138.35,140.34 1 1
stocksub/pkg/testkit/providers/mock.go:140.34,141.12 1 1
stocksub/pkg/testkit/providers/mock.go:146.2,146.58 1 1
stocksub/pkg/testkit/providers/mock.go:146.58,148.3 1 1
stocksub/pkg/testkit/providers/mock.go:148.8,148.36 1 0
stocksub/pkg/testkit/providers/mock.go:148.36,150.3 1 0
stocksub/pkg/testkit/providers/mock.go:150.8,152.28 1 0
stocksub/pkg/testkit/providers/mock.go:152.28,154.4 1 0
stocksub/pkg/testkit/providers/mock.go:158.2,161.47 2 1
stocksub/pkg/testkit/providers/mock.go:161.47,171.3 1 1
stocksub/pkg/testkit/providers/mock.go:173.2,173.16 1 1
stocksub/pkg/testkit/providers/mock.go:173.16,176.3 2 1
stocksub/pkg/testkit/providers/mock.go:178.2,181.20 3 1
stocksub/pkg/testkit/providers/mock.go:185.51,190.2 3 1
stocksub/pkg/testkit/providers/mock.go:193.84,197.33 3 1
stocksub/pkg/testkit/providers/mock.go:197.33,198.20 1 1
stocksub/pkg/testkit/providers/mock.go:198.20,200.4 1 1
stocksub/pkg/testkit/providers/mock.go:205.64,209.54 3 1
stocksub/pkg/testkit/providers/mock.go:209.54,211.3 1 0
stocksub/pkg/testkit/providers/mock.go:213.2,215.12 3 1
stocksub/pkg/testkit/providers/mock.go:219.66,224.2 3 1
stocksub/pkg/testkit/providers/mock.go:227.61,232.37 4 0
stocksub/pkg/testkit/providers/mock.go:232.37,234.3 1 0
stocksub/pkg/testkit/providers/mock.go:238.70,243.43 4 0
stocksub/pkg/testkit/providers/mock.go:243.43,245.3 1 0
stocksub/pkg/testkit/providers/mock.go:246.2,246.15 1 0
stocksub/pkg/testkit/providers/mock.go:250.39,255.17 3 1
stocksub/pkg/testkit/providers/mock.go:255.17,257.3 1 0
stocksub/pkg/testkit/providers/mock.go:259.2,263.12 4 1
stocksub/pkg/testkit/providers/mock.go:267.54,276.2 6 1
stocksub/pkg/testkit/providers/mock.go:279.120,281.63 1 1
stocksub/pkg/testkit/providers/mock.go:281.63,283.3 1 1
stocksub/pkg/testkit/providers/mock.go:286.2,286.33 1 1
stocksub/pkg/testkit/providers/mock.go:286.33,287.67 1 1
stocksub/pkg/testkit/providers/mock.go:287.67,289.4 1 0
stocksub/pkg/testkit/providers/mock.go:293.2,293.64 1 1
stocksub/pkg/testkit/providers/mock.go:293.64,295.3 1 1
stocksub/pkg/testkit/providers/mock.go:295.8,296.34 1 1
stocksub/pkg/testkit/providers/mock.go:296.34,297.69 1 1
stocksub/pkg/testkit/providers/mock.go:297.69,299.5 1 1
stocksub/pkg/testkit/providers/mock.go:304.2,305.33 2 1
stocksub/pkg/testkit/providers/mock.go:305.33,306.61 1 1
stocksub/pkg/testkit/providers/mock.go:306.61,308.4 1 1
stocksub/pkg/testkit/providers/mock.go:308.9,310.31 1 1
stocksub/pkg/testkit/providers/mock.go:310.31,312.36 2 1
stocksub/pkg/testkit/providers/mock.go:312.36,314.6 1 1
stocksub/pkg/testkit/providers/mock.go:319.2,319.20 1 1
stocksub/pkg/testkit/providers/mock.go:323.87,328.27 3 1
stocksub/pkg/testkit/providers/mock.go:328.27,330.3 1 1
stocksub/pkg/testkit/providers/mock.go:332.2,334.33 2 1
stocksub/pkg/testkit/providers/mock.go:334.33,335.67 1 1
stocksub/pkg/testkit/providers/mock.go:335.67,337.4 1 1
stocksub/pkg/testkit/providers/mock.go:341.2,341.33 1 1
stocksub/pkg/testkit/providers/mock.go:341.33,343.3 1 1
stocksub/pkg/testkit/providers/mock.go:346.2,346.38 1 0
stocksub/pkg/testkit/providers/mock.go:350.44,353.59 2 1
stocksub/pkg/testkit/providers/mock.go:353.59,356.3 2 1
stocksub/pkg/testkit/providers/mock.go:358.2,358.15 1 1
stocksub/pkg/testkit/providers/mock.go:358.15,360.3 1 1
stocksub/pkg/testkit/providers/mock.go:362.2,362.12 1 1
stocksub/pkg/testkit/providers/mock.go:366.68,368.32 1 1
stocksub/pkg/testkit/providers/mock.go:368.32,370.3 1 1
stocksub/pkg/testkit/providers/mock.go:370.8,372.3 1 0
stocksub/pkg/testkit/providers/mock.go:376.48,414.2 7 1
stocksub/pkg/testkit/providers/mock.go:417.55,421.17 3 1
stocksub/pkg/testkit/providers/mock.go:421.17,423.3 1 0
stocksub/pkg/testkit/providers/mock.go:426.2,426.33 1 1
stocksub/pkg/testkit/providers/mock.go:426.33,428.3 1 0
stocksub/pkg/testkit/providers/mock.go:430.2,430.37 1 1
stocksub/pkg/testkit/providers/mock.go:434.49,441.2 5 1
stocksub/pkg/testkit/providers/mock.go:444.70,449.32 4 1
stocksub/pkg/testkit/providers/mock.go:449.32,450.34 1 1
stocksub/pkg/testkit/providers/mock.go:450.34,451.19 1 1
stocksub/pkg/testkit/providers/mock.go:451.19,453.10 2 1
stocksub/pkg/testkit/providers/mock.go:457.2,457.15 1 1
stocksub/pkg/testkit/providers/mock.go:461.33,466.2 3 1
stocksub/pkg/testkit/providers/mock.go:469.34,474.2 3 0
stocksub/pkg/testkit/providers/mock.go:477.35,482.2 3 0
stocksub/pkg/testkit/providers/mock.go:519.60,521.15 2 1
stocksub/pkg/testkit/providers/mock.go:521.15,523.3 1 1
stocksub/pkg/testkit/providers/mock.go:525.2,528.3 1 1
stocksub/pkg/testkit/providers/mock.go:532.94,535.33 2 1
stocksub/pkg/testkit/providers/mock.go:535.33,538.3 2 1
stocksub/pkg/testkit/providers/mock.go:540.2,540.20 1 1
stocksub/pkg/testkit/providers/mock.go:544.82,566.2 5 1
stocksub/pkg/testkit/providers/mock.go:569.50,573.26 3 1
stocksub/pkg/testkit/providers/mock.go:573.26,576.3 2 0
stocksub/pkg/testkit/providers/mock.go:578.2,578.42 1 1
stocksub/pkg/testkit/providers/mock.go:582.51,586.26 3 1
stocksub/pkg/testkit/providers/mock.go:586.26,589.3 2 0
stocksub/pkg/testkit/providers/mock.go:591.2,591.42 1 1
stocksub/pkg/testkit/providers/mock.go:595.49,599.26 3 1
stocksub/pkg/testkit/providers/mock.go:599.26,602.3 2 0
stocksub/pkg/testkit/providers/mock.go:604.2,604.38 1 1
stocksub/pkg/testkit/providers/mock.go:608.66,617.2 5 1
stocksub/pkg/testkit/providers/mock.go:620.53,637.2 1 1
stocksub/pkg/testkit/providers/mock.go:640.43,649.2 1 0
