mode: set
stocksub/pkg/provider/tencent/http_mock.go:19.75,29.2 3 1
stocksub/pkg/provider/tencent/http_mock.go:32.43,34.2 1 0
stocksub/pkg/provider/tencent/http_mock.go:37.35,38.21 1 1
stocksub/pkg/provider/tencent/http_mock.go:38.21,40.3 1 1
stocksub/pkg/provider/tencent/http_mock.go:44.80,47.2 2 0
stocksub/pkg/provider/tencent/http_mock.go:50.86,52.2 1 0
stocksub/pkg/provider/tencent/http_mock.go:55.81,58.16 2 0
stocksub/pkg/provider/tencent/http_mock.go:58.16,61.3 2 0
stocksub/pkg/provider/tencent/http_mock.go:64.2,65.18 2 0
stocksub/pkg/provider/tencent/http_mock.go:65.18,68.3 2 0
stocksub/pkg/provider/tencent/http_mock.go:71.2,72.23 2 0
stocksub/pkg/provider/tencent/http_mock.go:72.23,75.3 2 0
stocksub/pkg/provider/tencent/http_mock.go:78.2,79.56 2 0
stocksub/pkg/provider/tencent/http_mock.go:79.56,84.3 4 0
stocksub/pkg/provider/tencent/http_mock.go:87.2,87.33 1 0
stocksub/pkg/provider/tencent/http_mock.go:87.33,88.60 1 0
stocksub/pkg/provider/tencent/http_mock.go:88.60,93.4 4 0
stocksub/pkg/provider/tencent/http_mock.go:97.2,102.27 4 0
stocksub/pkg/provider/tencent/http_mock.go:106.64,111.29 3 0
stocksub/pkg/provider/tencent/http_mock.go:111.29,113.17 2 0
stocksub/pkg/provider/tencent/http_mock.go:113.17,114.12 1 0
stocksub/pkg/provider/tencent/http_mock.go:118.3,119.19 2 0
stocksub/pkg/provider/tencent/http_mock.go:119.19,121.4 1 0
stocksub/pkg/provider/tencent/http_mock.go:124.2,124.16 1 0
stocksub/pkg/provider/tencent/http_mock.go:128.61,135.58 4 0
stocksub/pkg/provider/tencent/http_mock.go:135.58,137.3 1 0
stocksub/pkg/provider/tencent/http_mock.go:140.2,140.20 1 0
stocksub/pkg/provider/tencent/http_mock.go:140.20,141.29 1 0
stocksub/pkg/provider/tencent/http_mock.go:141.29,142.32 1 0
stocksub/pkg/provider/tencent/http_mock.go:142.32,144.5 1 0
stocksub/pkg/provider/tencent/http_mock.go:146.3,146.14 1 0
stocksub/pkg/provider/tencent/http_mock.go:149.2,149.11 1 0
stocksub/pkg/provider/tencent/http_mock.go:153.96,157.2 2 0
stocksub/pkg/provider/tencent/http_mock.go:160.61,163.2 2 0
stocksub/pkg/provider/tencent/http_mock.go:166.67,169.2 2 0
stocksub/pkg/provider/tencent/http_mock.go:172.65,175.2 2 0
stocksub/pkg/provider/tencent/http_mock.go:178.50,180.2 1 0
stocksub/pkg/provider/tencent/http_mock.go:183.49,186.2 1 0
stocksub/pkg/provider/tencent/parser.go:73.38,74.18 1 1
stocksub/pkg/provider/tencent/parser.go:74.18,76.3 1 1
stocksub/pkg/provider/tencent/parser.go:78.2,80.16 3 1
stocksub/pkg/provider/tencent/parser.go:80.16,82.3 1 0
stocksub/pkg/provider/tencent/parser.go:84.2,84.21 1 1
stocksub/pkg/provider/tencent/parser.go:88.59,89.16 1 1
stocksub/pkg/provider/tencent/parser.go:89.16,91.3 1 1
stocksub/pkg/provider/tencent/parser.go:93.2,97.31 4 1
stocksub/pkg/provider/tencent/parser.go:97.31,99.18 2 1
stocksub/pkg/provider/tencent/parser.go:99.18,100.12 1 1
stocksub/pkg/provider/tencent/parser.go:103.3,104.53 2 1
stocksub/pkg/provider/tencent/parser.go:104.53,105.12 1 1
stocksub/pkg/provider/tencent/parser.go:108.3,112.38 4 1
stocksub/pkg/provider/tencent/parser.go:112.38,113.12 1 1
stocksub/pkg/provider/tencent/parser.go:116.3,190.39 2 1
stocksub/pkg/provider/tencent/parser.go:193.2,193.16 1 1
stocksub/pkg/provider/tencent/parser.go:197.45,202.63 4 1
stocksub/pkg/provider/tencent/parser.go:202.63,204.3 1 1
stocksub/pkg/provider/tencent/parser.go:206.2,206.18 1 1
stocksub/pkg/provider/tencent/parser.go:210.44,211.13 1 1
stocksub/pkg/provider/tencent/parser.go:211.13,213.3 1 1
stocksub/pkg/provider/tencent/parser.go:214.2,215.16 2 1
stocksub/pkg/provider/tencent/parser.go:215.16,217.3 1 1
stocksub/pkg/provider/tencent/parser.go:218.2,218.17 1 1
stocksub/pkg/provider/tencent/parser.go:222.46,225.2 2 1
stocksub/pkg/provider/tencent/parser.go:228.40,229.13 1 1
stocksub/pkg/provider/tencent/parser.go:229.13,231.3 1 1
stocksub/pkg/provider/tencent/parser.go:232.2,233.16 2 1
stocksub/pkg/provider/tencent/parser.go:233.16,235.3 1 1
stocksub/pkg/provider/tencent/parser.go:236.2,236.17 1 1
stocksub/pkg/provider/tencent/parser.go:240.42,243.2 2 1
stocksub/pkg/provider/tencent/parser.go:246.42,247.19 1 1
stocksub/pkg/provider/tencent/parser.go:247.19,249.3 1 1
stocksub/pkg/provider/tencent/parser.go:252.2,258.33 2 1
stocksub/pkg/provider/tencent/parser.go:258.33,259.34 1 1
stocksub/pkg/provider/tencent/parser.go:259.34,261.18 2 1
stocksub/pkg/provider/tencent/parser.go:261.18,263.5 1 1
stocksub/pkg/provider/tencent/parser.go:268.2,268.19 1 1
stocksub/pkg/provider/tencent/parser.go:272.38,273.13 1 1
stocksub/pkg/provider/tencent/parser.go:273.13,275.3 1 1
stocksub/pkg/provider/tencent/parser.go:279.2,280.21 2 1
stocksub/pkg/provider/tencent/parser.go:280.21,283.66 2 1
stocksub/pkg/provider/tencent/parser.go:283.66,285.4 1 1
stocksub/pkg/provider/tencent/parser.go:289.2,289.74 1 1
stocksub/pkg/provider/tencent/parser.go:289.74,291.3 1 1
stocksub/pkg/provider/tencent/parser.go:293.2,293.10 1 1
stocksub/pkg/provider/tencent/provider.go:27.30,42.2 1 1
stocksub/pkg/provider/tencent/provider.go:45.34,47.2 1 1
stocksub/pkg/provider/tencent/provider.go:50.49,52.2 1 1
stocksub/pkg/provider/tencent/provider.go:55.37,58.2 1 1
stocksub/pkg/provider/tencent/provider.go:61.106,64.2 2 1
stocksub/pkg/provider/tencent/provider.go:67.121,70.23 2 1
stocksub/pkg/provider/tencent/provider.go:70.23,72.3 1 1
stocksub/pkg/provider/tencent/provider.go:74.2,74.15 1 1
stocksub/pkg/provider/tencent/provider.go:74.15,76.3 1 0
stocksub/pkg/provider/tencent/provider.go:78.2,79.15 2 1
stocksub/pkg/provider/tencent/provider.go:79.15,81.3 1 0
stocksub/pkg/provider/tencent/provider.go:83.2,85.16 3 1
stocksub/pkg/provider/tencent/provider.go:85.16,87.3 1 0
stocksub/pkg/provider/tencent/provider.go:89.2,92.16 3 1
stocksub/pkg/provider/tencent/provider.go:92.16,94.3 1 1
stocksub/pkg/provider/tencent/provider.go:95.2,98.16 3 1
stocksub/pkg/provider/tencent/provider.go:98.16,100.3 1 0
stocksub/pkg/provider/tencent/provider.go:102.2,103.15 2 1
stocksub/pkg/provider/tencent/provider.go:103.15,106.3 1 0
stocksub/pkg/provider/tencent/provider.go:108.2,108.38 1 1
stocksub/pkg/provider/tencent/provider.go:108.38,110.3 1 0
stocksub/pkg/provider/tencent/provider.go:112.2,112.20 1 1
stocksub/pkg/provider/tencent/provider.go:112.20,114.3 1 0
stocksub/pkg/provider/tencent/provider.go:116.2,118.15 2 1
stocksub/pkg/provider/tencent/provider.go:118.15,120.3 1 0
stocksub/pkg/provider/tencent/provider.go:121.2,125.15 4 1
stocksub/pkg/provider/tencent/provider.go:125.15,127.3 1 0
stocksub/pkg/provider/tencent/provider.go:129.2,129.29 1 1
stocksub/pkg/provider/tencent/provider.go:133.58,134.18 1 1
stocksub/pkg/provider/tencent/provider.go:134.18,136.3 1 1
stocksub/pkg/provider/tencent/provider.go:139.2,139.58 1 1
stocksub/pkg/provider/tencent/provider.go:139.58,141.3 1 1
stocksub/pkg/provider/tencent/provider.go:144.2,145.37 1 1
stocksub/pkg/provider/tencent/provider.go:145.37,147.3 1 1
stocksub/pkg/provider/tencent/provider.go:150.2,152.72 1 1
stocksub/pkg/provider/tencent/provider.go:152.72,154.3 1 1
stocksub/pkg/provider/tencent/provider.go:156.2,156.14 1 1
stocksub/pkg/provider/tencent/provider.go:160.34,161.25 1 1
stocksub/pkg/provider/tencent/provider.go:161.25,163.3 1 1
stocksub/pkg/provider/tencent/provider.go:164.2,164.12 1 1
stocksub/pkg/provider/tencent/provider.go:168.54,170.33 2 1
stocksub/pkg/provider/tencent/provider.go:170.33,173.3 2 1
stocksub/pkg/provider/tencent/provider.go:175.2,175.59 1 1
stocksub/pkg/provider/tencent/provider.go:179.58,180.9 1 1
stocksub/pkg/provider/tencent/provider.go:181.72,182.14 1 1
stocksub/pkg/provider/tencent/provider.go:183.72,184.14 1 1
stocksub/pkg/provider/tencent/provider.go:185.72,186.14 1 1
stocksub/pkg/provider/tencent/provider.go:187.10,188.14 1 0
stocksub/pkg/provider/tencent/testdata_generator.go:27.51,35.2 1 1
stocksub/pkg/provider/tencent/testdata_generator.go:38.78,42.2 1 1
stocksub/pkg/provider/tencent/testdata_generator.go:45.81,48.33 2 1
stocksub/pkg/provider/tencent/testdata_generator.go:48.33,51.3 2 1
stocksub/pkg/provider/tencent/testdata_generator.go:53.2,53.43 1 1
stocksub/pkg/provider/tencent/testdata_generator.go:57.82,149.2 26 1
stocksub/pkg/provider/tencent/testdata_generator.go:152.65,153.9 1 1
stocksub/pkg/provider/tencent/testdata_generator.go:154.74,155.11 1 1
stocksub/pkg/provider/tencent/testdata_generator.go:156.74,157.12 1 1
stocksub/pkg/provider/tencent/testdata_generator.go:158.72,159.12 1 0
stocksub/pkg/provider/tencent/testdata_generator.go:160.10,161.11 1 0
stocksub/pkg/provider/tencent/testdata_generator.go:166.70,167.9 1 1
stocksub/pkg/provider/tencent/testdata_generator.go:168.74,169.14 1 1
stocksub/pkg/provider/tencent/testdata_generator.go:170.74,171.14 1 1
stocksub/pkg/provider/tencent/testdata_generator.go:172.72,173.14 1 0
stocksub/pkg/provider/tencent/testdata_generator.go:174.10,175.14 1 0
stocksub/pkg/provider/tencent/testdata_generator.go:180.70,182.2 1 1
stocksub/pkg/provider/tencent/testdata_generator.go:185.72,195.43 2 1
stocksub/pkg/provider/tencent/testdata_generator.go:195.43,197.3 1 1
stocksub/pkg/provider/tencent/testdata_generator.go:200.2,200.46 1 0
stocksub/pkg/provider/tencent/testdata_generator.go:204.56,205.28 1 1
stocksub/pkg/provider/tencent/testdata_generator.go:205.28,207.3 1 1
stocksub/pkg/provider/tencent/testdata_generator.go:209.2,210.39 2 0
stocksub/pkg/provider/tencent/testdata_generator.go:214.57,215.28 1 1
stocksub/pkg/provider/tencent/testdata_generator.go:215.28,217.3 1 1
stocksub/pkg/provider/tencent/testdata_generator.go:219.2,219.38 1 0
stocksub/pkg/provider/tencent/testdata_generator.go:223.62,224.28 1 1
stocksub/pkg/provider/tencent/testdata_generator.go:224.28,226.3 1 1
stocksub/pkg/provider/tencent/testdata_generator.go:228.2,228.37 1 0
stocksub/pkg/provider/tencent/testdata_generator.go:232.55,233.28 1 1
stocksub/pkg/provider/tencent/testdata_generator.go:233.28,235.3 1 1
stocksub/pkg/provider/tencent/testdata_generator.go:237.2,237.49 1 0
stocksub/pkg/provider/tencent/testdata_generator.go:241.84,245.25 3 1
stocksub/pkg/provider/tencent/testdata_generator.go:245.25,247.28 2 1
stocksub/pkg/provider/tencent/testdata_generator.go:247.28,249.4 1 0
stocksub/pkg/provider/tencent/testdata_generator.go:249.9,251.4 1 1
stocksub/pkg/provider/tencent/testdata_generator.go:254.2,254.24 1 1
stocksub/pkg/provider/tencent/testdata_generator.go:258.84,262.25 3 1
stocksub/pkg/provider/tencent/testdata_generator.go:262.25,264.28 2 1
stocksub/pkg/provider/tencent/testdata_generator.go:264.28,266.4 1 0
stocksub/pkg/provider/tencent/testdata_generator.go:266.9,268.4 1 1
stocksub/pkg/provider/tencent/testdata_generator.go:271.2,271.24 1 1
stocksub/pkg/provider/tencent/testdata_generator.go:275.59,276.32 1 1
stocksub/pkg/provider/tencent/testdata_generator.go:277.15,278.35 1 0
stocksub/pkg/provider/tencent/testdata_generator.go:278.35,280.4 1 0
stocksub/pkg/provider/tencent/testdata_generator.go:281.3,281.26 1 0
stocksub/pkg/provider/tencent/testdata_generator.go:282.16,284.45 2 0
stocksub/pkg/provider/tencent/testdata_generator.go:285.10,286.45 1 1
stocksub/pkg/provider/tencent/testdata_generator.go:291.63,292.28 1 1
stocksub/pkg/provider/tencent/testdata_generator.go:292.28,294.3 1 1
stocksub/pkg/provider/tencent/testdata_generator.go:295.2,295.30 1 0
stocksub/pkg/provider/tencent/testdata_generator.go:299.53,300.28 1 1
stocksub/pkg/provider/tencent/testdata_generator.go:300.28,302.3 1 1
stocksub/pkg/provider/tencent/testdata_generator.go:303.2,303.34 1 0
stocksub/pkg/provider/tencent/testdata_generator.go:307.53,308.28 1 1
stocksub/pkg/provider/tencent/testdata_generator.go:308.28,310.3 1 1
stocksub/pkg/provider/tencent/testdata_generator.go:311.2,311.33 1 0
stocksub/pkg/provider/tencent/testdata_generator.go:315.62,316.28 1 1
stocksub/pkg/provider/tencent/testdata_generator.go:316.28,318.3 1 1
stocksub/pkg/provider/tencent/testdata_generator.go:319.2,319.39 1 0
stocksub/pkg/provider/tencent/testdata_generator.go:323.91,326.2 2 0
stocksub/pkg/provider/tencent/testkit.go:37.87,38.19 1 1
stocksub/pkg/provider/tencent/testkit.go:38.19,43.3 1 1
stocksub/pkg/provider/tencent/testkit.go:46.2,50.23 3 1
stocksub/pkg/provider/tencent/testkit.go:50.23,52.3 1 1
stocksub/pkg/provider/tencent/testkit.go:55.2,58.21 2 1
stocksub/pkg/provider/tencent/testkit.go:58.22,61.3 0 1
stocksub/pkg/provider/tencent/testkit.go:63.2,68.3 1 1
stocksub/pkg/provider/tencent/testkit.go:72.43,73.24 1 1
stocksub/pkg/provider/tencent/testkit.go:73.24,75.3 1 1
stocksub/pkg/provider/tencent/testkit.go:76.2,76.24 1 1
stocksub/pkg/provider/tencent/testkit.go:76.24,78.3 1 1
stocksub/pkg/provider/tencent/testkit.go:82.55,83.24 1 0
stocksub/pkg/provider/tencent/testkit.go:83.24,85.3 1 0
stocksub/pkg/provider/tencent/testkit.go:86.2,86.11 1 0
stocksub/pkg/provider/tencent/testkit.go:90.86,91.24 1 0
stocksub/pkg/provider/tencent/testkit.go:91.24,93.3 1 0
stocksub/pkg/provider/tencent/testkit.go:97.97,111.16 10 1
stocksub/pkg/provider/tencent/testkit.go:111.16,114.3 2 0
stocksub/pkg/provider/tencent/testkit.go:116.2,117.18 2 1
stocksub/pkg/provider/tencent/testkit.go:121.112,135.16 10 1
stocksub/pkg/provider/tencent/testkit.go:135.16,138.3 2 0
stocksub/pkg/provider/tencent/testkit.go:140.2,141.23 2 1
stocksub/pkg/provider/tencent/testkit.go:145.118,148.29 2 0
stocksub/pkg/provider/tencent/testkit.go:148.29,150.3 1 0
stocksub/pkg/provider/tencent/testkit.go:153.2,153.45 1 0
stocksub/pkg/provider/tencent/testkit.go:153.45,155.14 2 0
stocksub/pkg/provider/tencent/testkit.go:155.14,162.4 1 0
stocksub/pkg/provider/tencent/testkit.go:165.3,165.67 1 0
stocksub/pkg/provider/tencent/testkit.go:165.67,166.69 1 0
stocksub/pkg/provider/tencent/testkit.go:166.69,168.5 1 0
stocksub/pkg/provider/tencent/testkit.go:172.2,172.12 1 0
stocksub/pkg/provider/tencent/testkit.go:176.122,178.54 1 0
stocksub/pkg/provider/tencent/testkit.go:178.54,179.33 1 0
stocksub/pkg/provider/tencent/testkit.go:179.33,186.4 1 0
stocksub/pkg/provider/tencent/testkit.go:190.2,190.56 1 0
stocksub/pkg/provider/tencent/testkit.go:190.56,191.47 1 0
stocksub/pkg/provider/tencent/testkit.go:191.47,192.28 1 0
stocksub/pkg/provider/tencent/testkit.go:192.28,199.5 1 0
stocksub/pkg/provider/tencent/testkit.go:203.2,203.12 1 0
stocksub/pkg/provider/tencent/testkit.go:207.57,219.2 3 1
stocksub/pkg/provider/tencent/testkit.go:222.48,227.2 3 0
stocksub/pkg/provider/tencent/testkit.go:230.93,232.2 1 0
stocksub/pkg/provider/tencent/testkit.go:235.81,237.2 1 0
stocksub/pkg/provider/tencent/testkit.go:247.42,249.2 1 0
stocksub/pkg/provider/tencent/testkit.go:257.54,264.2 3 1
stocksub/pkg/provider/tencent/testkit.go:267.99,271.31 3 1
stocksub/pkg/provider/tencent/testkit.go:271.31,278.3 1 0
stocksub/pkg/provider/tencent/testkit.go:280.2,280.18 1 1
stocksub/pkg/provider/tencent/testkit.go:284.74,286.2 1 1
stocksub/pkg/provider/tencent/testkit.go:289.76,291.2 1 1
stocksub/pkg/provider/tencent/testkit.go:294.79,297.2 2 1
